<?xml version="1.0" encoding="UTF-8"?>
<!-- Generated by org.testng.reporters.JUnitReportReporter -->
<testsuite skipped="0" hostname="Yaroslavs-MacBook-Air.local" name="com.qtpselenium.facebook.pom.testCases.ProfileTest" tests="1" failures="0" timestamp="15 Feb 2018 06:18:06 GMT" time="12.608" errors="1">
  <testcase name="testProfile" time="12.608" classname="com.qtpselenium.facebook.pom.testCases.ProfileTest">
    <error type="java.lang.StackOverflowError">
      <![CDATA[java.lang.StackOverflowError
	at com.qtpselenium.facebook.pom.pages.ProfilePage.takeScreenShot(ProfilePage.java:28)
	at com.qtpselenium.facebook.pom.pages.ProfilePage.takeScreenShot(ProfilePage.java:28)
	at com.qtpselenium.facebook.pom.pages.ProfilePage.takeScreenShot(ProfilePage.java:28)
	at com.qtpselenium.facebook.pom.pages.ProfilePage.takeScreenShot(ProfilePage.java:28)
	at com.qtpselenium.facebook.pom.pages.ProfilePage.takeScreenShot(ProfilePage.java:28)
	at com.qtpselenium.facebook.pom.pages.ProfilePage.takeScreenShot(ProfilePage.java:28)
	at com.qtpselenium.facebook.pom.pages.ProfilePage.takeScreenShot(ProfilePage.java:28)
	at com.qtpselenium.facebook.pom.pages.ProfilePage.takeScreenShot(ProfilePage.java:28)
	at com.qtpselenium.facebook.pom.pages.ProfilePage.takeScreenShot(ProfilePage.java:28)
	at com.qtpselenium.facebook.pom.pages.ProfilePage.takeScreenShot(ProfilePage.java:28)
	at com.qtpselenium.facebook.pom.pages.ProfilePage.takeScreenShot(ProfilePage.java:28)
	at com.qtpselenium.facebook.pom.pages.ProfilePage.takeScreenShot(ProfilePage.java:28)
	at com.qtpselenium.facebook.pom.pages.ProfilePage.takeScreenShot(ProfilePage.java:28)
	at com.qtpselenium.facebook.pom.pages.ProfilePage.takeScreenShot(ProfilePage.java:28)
	at com.qtpselenium.facebook.pom.pages.ProfilePage.takeScreenShot(ProfilePage.java:28)
	at com.qtpselenium.facebook.pom.pages.ProfilePage.takeScreenShot(ProfilePage.java:28)
	at com.qtpselenium.facebook.pom.pages.ProfilePage.takeScreenShot(ProfilePage.java:28)
	at com.qtpselenium.facebook.pom.pages.ProfilePage.takeScreenShot(ProfilePage.java:28)
	at com.qtpselenium.facebook.pom.pages.ProfilePage.takeScreenShot(ProfilePage.java:28)
	at com.qtpselenium.facebook.pom.pages.ProfilePage.takeScreenShot(ProfilePage.java:28)
	at com.qtpselenium.facebook.pom.pages.ProfilePage.takeScreenShot(ProfilePage.java:28)
	at com.qtpselenium.facebook.pom.pages.ProfilePage.takeScreenShot(ProfilePage.java:28)
	at com.qtpselenium.facebook.pom.pages.ProfilePage.takeScreenShot(ProfilePage.java:28)
	at com.qtpselenium.facebook.pom.pages.ProfilePage.takeScreenShot(ProfilePage.java:28)
	at com.qtpselenium.facebook.pom.pages.ProfilePage.takeScreenShot(ProfilePage.java:28)
	at com.qtpselenium.facebook.pom.pages.ProfilePage.takeScreenShot(ProfilePage.java:28)
	at com.qtpselenium.facebook.pom.pages.ProfilePage.takeScreenShot(ProfilePage.java:28)
	at com.qtpselenium.facebook.pom.pages.ProfilePage.takeScreenShot(ProfilePage.java:28)
	at com.qtpselenium.facebook.pom.pages.ProfilePage.takeScreenShot(ProfilePage.java:28)
	at com.qtpselenium.facebook.pom.pages.ProfilePage.takeScreenShot(ProfilePage.java:28)
	at com.qtpselenium.facebook.pom.pages.ProfilePage.takeScreenShot(ProfilePage.java:28)
	at com.qtpselenium.facebook.pom.pages.ProfilePage.takeScreenShot(ProfilePage.java:28)
	at com.qtpselenium.facebook.pom.pages.ProfilePage.takeScreenShot(ProfilePage.java:28)
	at com.qtpselenium.facebook.pom.pages.ProfilePage.takeScreenShot(ProfilePage.java:28)
	at com.qtpselenium.facebook.pom.pages.ProfilePage.takeScreenShot(ProfilePage.java:28)
	at com.qtpselenium.facebook.pom.pages.ProfilePage.takeScreenShot(ProfilePage.java:28)
	at com.qtpselenium.facebook.pom.pages.ProfilePage.takeScreenShot(ProfilePage.java:28)
	at com.qtpselenium.facebook.pom.pages.ProfilePage.takeScreenShot(ProfilePage.java:28)
	at com.qtpselenium.facebook.pom.pages.ProfilePage.takeScreenShot(ProfilePage.java:28)
	at com.qtpselenium.facebook.pom.pages.ProfilePage.takeScreenShot(ProfilePage.java:28)
	at com.qtpselenium.facebook.pom.pages.ProfilePage.takeScreenShot(ProfilePage.java:28)
	at com.qtpselenium.facebook.pom.pages.ProfilePage.takeScreenShot(ProfilePage.java:28)
	at com.qtpselenium.facebook.pom.pages.ProfilePage.takeScreenShot(ProfilePage.java:28)
	at com.qtpselenium.facebook.pom.pages.ProfilePage.takeScreenShot(ProfilePage.java:28)
	at com.qtpselenium.facebook.pom.pages.ProfilePage.takeScreenShot(ProfilePage.java:28)
	at com.qtpselenium.facebook.pom.pages.ProfilePage.takeScreenShot(ProfilePage.java:28)
	at com.qtpselenium.facebook.pom.pages.ProfilePage.takeScreenShot(ProfilePage.java:28)
	at com.qtpselenium.facebook.pom.pages.ProfilePage.takeScreenShot(ProfilePage.java:28)
	at com.qtpselenium.facebook.pom.pages.ProfilePage.takeScreenShot(ProfilePage.java:28)
	at com.qtpselenium.facebook.pom.pages.ProfilePage.takeScreenShot(ProfilePage.java:28)
	at com.qtpselenium.facebook.pom.pages.ProfilePage.takeScreenShot(ProfilePage.java:28)
	at com.qtpselenium.facebook.pom.pages.ProfilePage.takeScreenShot(ProfilePage.java:28)
	at com.qtpselenium.facebook.pom.pages.ProfilePage.takeScreenShot(ProfilePage.java:28)
	at com.qtpselenium.facebook.pom.pages.ProfilePage.takeScreenShot(ProfilePage.java:28)
	at com.qtpselenium.facebook.pom.pages.ProfilePage.takeScreenShot(ProfilePage.java:28)
	at com.qtpselenium.facebook.pom.pages.ProfilePage.takeScreenShot(ProfilePage.java:28)
	at com.qtpselenium.facebook.pom.pages.ProfilePage.takeScreenShot(ProfilePage.java:28)
	at com.qtpselenium.facebook.pom.pages.ProfilePage.takeScreenShot(ProfilePage.java:28)
	at com.qtpselenium.facebook.pom.pages.ProfilePage.takeScreenShot(ProfilePage.java:28)
	at com.qtpselenium.facebook.pom.pages.ProfilePage.takeScreenShot(ProfilePage.java:28)
	at com.qtpselenium.facebook.pom.pages.ProfilePage.takeScreenShot(ProfilePage.java:28)
	at com.qtpselenium.facebook.pom.pages.ProfilePage.takeScreenShot(ProfilePage.java:28)
	at com.qtpselenium.facebook.pom.pages.ProfilePage.takeScreenShot(ProfilePage.java:28)
	at com.qtpselenium.facebook.pom.pages.ProfilePage.takeScreenShot(ProfilePage.java:28)
	at com.qtpselenium.facebook.pom.pages.ProfilePage.takeScreenShot(ProfilePage.java:28)
	at com.qtpselenium.facebook.pom.pages.ProfilePage.takeScreenShot(ProfilePage.java:28)
	at com.qtpselenium.facebook.pom.pages.ProfilePage.takeScreenShot(ProfilePage.java:28)
	at com.qtpselenium.facebook.pom.pages.ProfilePage.takeScreenShot(ProfilePage.java:28)
	at com.qtpselenium.facebook.pom.pages.ProfilePage.takeScreenShot(ProfilePage.java:28)
	at com.qtpselenium.facebook.pom.pages.ProfilePage.takeScreenShot(ProfilePage.java:28)
	at com.qtpselenium.facebook.pom.pages.ProfilePage.takeScreenShot(ProfilePage.java:28)
	at com.qtpselenium.facebook.pom.pages.ProfilePage.takeScreenShot(ProfilePage.java:28)
	at com.qtpselenium.facebook.pom.pages.ProfilePage.takeScreenShot(ProfilePage.java:28)
	at com.qtpselenium.facebook.pom.pages.ProfilePage.takeScreenShot(ProfilePage.java:28)
	at com.qtpselenium.facebook.pom.pages.ProfilePage.takeScreenShot(ProfilePage.java:28)
	at com.qtpselenium.facebook.pom.pages.ProfilePage.takeScreenShot(ProfilePage.java:28)
	at com.qtpselenium.facebook.pom.pages.ProfilePage.takeScreenShot(ProfilePage.java:28)
	at com.qtpselenium.facebook.pom.pages.ProfilePage.takeScreenShot(ProfilePage.java:28)
	at com.qtpselenium.facebook.pom.pages.ProfilePage.takeScreenShot(ProfilePage.java:28)
	at com.qtpselenium.facebook.pom.pages.ProfilePage.takeScreenShot(ProfilePage.java:28)
	at com.qtpselenium.facebook.pom.pages.ProfilePage.takeScreenShot(ProfilePage.java:28)
	at com.qtpselenium.facebook.pom.pages.ProfilePage.takeScreenShot(ProfilePage.java:28)
	at com.qtpselenium.facebook.pom.pages.ProfilePage.takeScreenShot(ProfilePage.java:28)
	at com.qtpselenium.facebook.pom.pages.ProfilePage.takeScreenShot(ProfilePage.java:28)
	at com.qtpselenium.facebook.pom.pages.ProfilePage.takeScreenShot(ProfilePage.java:28)
	at com.qtpselenium.facebook.pom.pages.ProfilePage.takeScreenShot(ProfilePage.java:28)
	at com.qtpselenium.facebook.pom.pages.ProfilePage.takeScreenShot(ProfilePage.java:28)
	at com.qtpselenium.facebook.pom.pages.ProfilePage.takeScreenShot(ProfilePage.java:28)
	at com.qtpselenium.facebook.pom.pages.ProfilePage.takeScreenShot(ProfilePage.java:28)
	at com.qtpselenium.facebook.pom.pages.ProfilePage.takeScreenShot(ProfilePage.java:28)
	at com.qtpselenium.facebook.pom.pages.ProfilePage.takeScreenShot(ProfilePage.java:28)
	at com.qtpselenium.facebook.pom.pages.ProfilePage.takeScreenShot(ProfilePage.java:28)
	at com.qtpselenium.facebook.pom.pages.ProfilePage.takeScreenShot(ProfilePage.java:28)
	at com.qtpselenium.facebook.pom.pages.ProfilePage.takeScreenShot(ProfilePage.java:28)
	at com.qtpselenium.facebook.pom.pages.ProfilePage.takeScreenShot(ProfilePage.java:28)
	at com.qtpselenium.facebook.pom.pages.ProfilePage.takeScreenShot(ProfilePage.java:28)
	at com.qtpselenium.facebook.pom.pages.ProfilePage.takeScreenShot(ProfilePage.java:28)
	at com.qtpselenium.facebook.pom.pages.ProfilePage.takeScreenShot(ProfilePage.java:28)
	at com.qtpselenium.facebook.pom.pages.ProfilePage.takeScreenShot(ProfilePage.java:28)
	at com.qtpselenium.facebook.pom.pages.ProfilePage.takeScreenShot(ProfilePage.java:28)
	at com.qtpselenium.facebook.pom.pages.ProfilePage.takeScreenShot(ProfilePage.java:28)
	at com.qtpselenium.facebook.pom.pages.ProfilePage.takeScreenShot(ProfilePage.java:28)
	at com.qtpselenium.facebook.pom.pages.ProfilePage.takeScreenShot(ProfilePage.java:28)
	at com.qtpselenium.facebook.pom.pages.ProfilePage.takeScreenShot(ProfilePage.java:28)
	at com.qtpselenium.facebook.pom.pages.ProfilePage.takeScreenShot(ProfilePage.java:28)
	at com.qtpselenium.facebook.pom.pages.ProfilePage.takeScreenShot(ProfilePage.java:28)
	at com.qtpselenium.facebook.pom.pages.ProfilePage.takeScreenShot(ProfilePage.java:28)
	at com.qtpselenium.facebook.pom.pages.ProfilePage.takeScreenShot(ProfilePage.java:28)
	at com.qtpselenium.facebook.pom.pages.ProfilePage.takeScreenShot(ProfilePage.java:28)
	at com.qtpselenium.facebook.pom.pages.ProfilePage.takeScreenShot(ProfilePage.java:28)
	at com.qtpselenium.facebook.pom.pages.ProfilePage.takeScreenShot(ProfilePage.java:28)
	at com.qtpselenium.facebook.pom.pages.ProfilePage.takeScreenShot(ProfilePage.java:28)
	at com.qtpselenium.facebook.pom.pages.ProfilePage.takeScreenShot(ProfilePage.java:28)
	at com.qtpselenium.facebook.pom.pages.ProfilePage.takeScreenShot(ProfilePage.java:28)
	at com.qtpselenium.facebook.pom.pages.ProfilePage.takeScreenShot(ProfilePage.java:28)
	at com.qtpselenium.facebook.pom.pages.ProfilePage.takeScreenShot(ProfilePage.java:28)
	at com.qtpselenium.facebook.pom.pages.ProfilePage.takeScreenShot(ProfilePage.java:28)
	at com.qtpselenium.facebook.pom.pages.ProfilePage.takeScreenShot(ProfilePage.java:28)
	at com.qtpselenium.facebook.pom.pages.ProfilePage.takeScreenShot(ProfilePage.java:28)
	at com.qtpselenium.facebook.pom.pages.ProfilePage.takeScreenShot(ProfilePage.java:28)
	at com.qtpselenium.facebook.pom.pages.ProfilePage.takeScreenShot(ProfilePage.java:28)
	at com.qtpselenium.facebook.pom.pages.ProfilePage.takeScreenShot(ProfilePage.java:28)
	at com.qtpselenium.facebook.pom.pages.ProfilePage.takeScreenShot(ProfilePage.java:28)
	at com.qtpselenium.facebook.pom.pages.ProfilePage.takeScreenShot(ProfilePage.java:28)
	at com.qtpselenium.facebook.pom.pages.ProfilePage.takeScreenShot(ProfilePage.java:28)
	at com.qtpselenium.facebook.pom.pages.ProfilePage.takeScreenShot(ProfilePage.java:28)
	at com.qtpselenium.facebook.pom.pages.ProfilePage.takeScreenShot(ProfilePage.java:28)
	at com.qtpselenium.facebook.pom.pages.ProfilePage.takeScreenShot(ProfilePage.java:28)
	at com.qtpselenium.facebook.pom.pages.ProfilePage.takeScreenShot(ProfilePage.java:28)
	at com.qtpselenium.facebook.pom.pages.ProfilePage.takeScreenShot(ProfilePage.java:28)
	at com.qtpselenium.facebook.pom.pages.ProfilePage.takeScreenShot(ProfilePage.java:28)
	at com.qtpselenium.facebook.pom.pages.ProfilePage.takeScreenShot(ProfilePage.java:28)
	at com.qtpselenium.facebook.pom.pages.ProfilePage.takeScreenShot(ProfilePage.java:28)
	at com.qtpselenium.facebook.pom.pages.ProfilePage.takeScreenShot(ProfilePage.java:28)
	at com.qtpselenium.facebook.pom.pages.ProfilePage.takeScreenShot(ProfilePage.java:28)
	at com.qtpselenium.facebook.pom.pages.ProfilePage.takeScreenShot(ProfilePage.java:28)
	at com.qtpselenium.facebook.pom.pages.ProfilePage.takeScreenShot(ProfilePage.java:28)
	at com.qtpselenium.facebook.pom.pages.ProfilePage.takeScreenShot(ProfilePage.java:28)
	at com.qtpselenium.facebook.pom.pages.ProfilePage.takeScreenShot(ProfilePage.java:28)
	at com.qtpselenium.facebook.pom.pages.ProfilePage.takeScreenShot(ProfilePage.java:28)
	at com.qtpselenium.facebook.pom.pages.ProfilePage.takeScreenShot(ProfilePage.java:28)
	at com.qtpselenium.facebook.pom.pages.ProfilePage.takeScreenShot(ProfilePage.java:28)
	at com.qtpselenium.facebook.pom.pages.ProfilePage.takeScreenShot(ProfilePage.java:28)
	at com.qtpselenium.facebook.pom.pages.ProfilePage.takeScreenShot(ProfilePage.java:28)
	at com.qtpselenium.facebook.pom.pages.ProfilePage.takeScreenShot(ProfilePage.java:28)
	at com.qtpselenium.facebook.pom.pages.ProfilePage.takeScreenShot(ProfilePage.java:28)
	at com.qtpselenium.facebook.pom.pages.ProfilePage.takeScreenShot(ProfilePage.java:28)
	at com.qtpselenium.facebook.pom.pages.ProfilePage.takeScreenShot(ProfilePage.java:28)
	at com.qtpselenium.facebook.pom.pages.ProfilePage.takeScreenShot(ProfilePage.java:28)
	at com.qtpselenium.facebook.pom.pages.ProfilePage.takeScreenShot(ProfilePage.java:28)
	at com.qtpselenium.facebook.pom.pages.ProfilePage.takeScreenShot(ProfilePage.java:28)
	at com.qtpselenium.facebook.pom.pages.ProfilePage.takeScreenShot(ProfilePage.java:28)
	at com.qtpselenium.facebook.pom.pages.ProfilePage.takeScreenShot(ProfilePage.java:28)
	at com.qtpselenium.facebook.pom.pages.ProfilePage.takeScreenShot(ProfilePage.java:28)
	at com.qtpselenium.facebook.pom.pages.ProfilePage.takeScreenShot(ProfilePage.java:28)
	at com.qtpselenium.facebook.pom.pages.ProfilePage.takeScreenShot(ProfilePage.java:28)
	at com.qtpselenium.facebook.pom.pages.ProfilePage.takeScreenShot(ProfilePage.java:28)
	at com.qtpselenium.facebook.pom.pages.ProfilePage.takeScreenShot(ProfilePage.java:28)
	at com.qtpselenium.facebook.pom.pages.ProfilePage.takeScreenShot(ProfilePage.java:28)
	at com.qtpselenium.facebook.pom.pages.ProfilePage.takeScreenShot(ProfilePage.java:28)
	at com.qtpselenium.facebook.pom.pages.ProfilePage.takeScreenShot(ProfilePage.java:28)
	at com.qtpselenium.facebook.pom.pages.ProfilePage.takeScreenShot(ProfilePage.java:28)
	at com.qtpselenium.facebook.pom.pages.ProfilePage.takeScreenShot(ProfilePage.java:28)
	at com.qtpselenium.facebook.pom.pages.ProfilePage.takeScreenShot(ProfilePage.java:28)
	at com.qtpselenium.facebook.pom.pages.ProfilePage.takeScreenShot(ProfilePage.java:28)
	at com.qtpselenium.facebook.pom.pages.ProfilePage.takeScreenShot(ProfilePage.java:28)
	at com.qtpselenium.facebook.pom.pages.ProfilePage.takeScreenShot(ProfilePage.java:28)
	at com.qtpselenium.facebook.pom.pages.ProfilePage.takeScreenShot(ProfilePage.java:28)
	at com.qtpselenium.facebook.pom.pages.ProfilePage.takeScreenShot(ProfilePage.java:28)
	at com.qtpselenium.facebook.pom.pages.ProfilePage.takeScreenShot(ProfilePage.java:28)
	at com.qtpselenium.facebook.pom.pages.ProfilePage.takeScreenShot(ProfilePage.java:28)
	at com.qtpselenium.facebook.pom.pages.ProfilePage.takeScreenShot(ProfilePage.java:28)
	at com.qtpselenium.facebook.pom.pages.ProfilePage.takeScreenShot(ProfilePage.java:28)
	at com.qtpselenium.facebook.pom.pages.ProfilePage.takeScreenShot(ProfilePage.java:28)
	at com.qtpselenium.facebook.pom.pages.ProfilePage.takeScreenShot(ProfilePage.java:28)
	at com.qtpselenium.facebook.pom.pages.ProfilePage.takeScreenShot(ProfilePage.java:28)
	at com.qtpselenium.facebook.pom.pages.ProfilePage.takeScreenShot(ProfilePage.java:28)
	at com.qtpselenium.facebook.pom.pages.ProfilePage.takeScreenShot(ProfilePage.java:28)
	at com.qtpselenium.facebook.pom.pages.ProfilePage.takeScreenShot(ProfilePage.java:28)
	at com.qtpselenium.facebook.pom.pages.ProfilePage.takeScreenShot(ProfilePage.java:28)
	at com.qtpselenium.facebook.pom.pages.ProfilePage.takeScreenShot(ProfilePage.java:28)
	at com.qtpselenium.facebook.pom.pages.ProfilePage.takeScreenShot(ProfilePage.java:28)
	at com.qtpselenium.facebook.pom.pages.ProfilePage.takeScreenShot(ProfilePage.java:28)
	at com.qtpselenium.facebook.pom.pages.ProfilePage.takeScreenShot(ProfilePage.java:28)
	at com.qtpselenium.facebook.pom.pages.ProfilePage.takeScreenShot(ProfilePage.java:28)
	at com.qtpselenium.facebook.pom.pages.ProfilePage.takeScreenShot(ProfilePage.java:28)
	at com.qtpselenium.facebook.pom.pages.ProfilePage.takeScreenShot(ProfilePage.java:28)
	at com.qtpselenium.facebook.pom.pages.ProfilePage.takeScreenShot(ProfilePage.java:28)
	at com.qtpselenium.facebook.pom.pages.ProfilePage.takeScreenShot(ProfilePage.java:28)
	at com.qtpselenium.facebook.pom.pages.ProfilePage.takeScreenShot(ProfilePage.java:28)
	at com.qtpselenium.facebook.pom.pages.ProfilePage.takeScreenShot(ProfilePage.java:28)
	at com.qtpselenium.facebook.pom.pages.ProfilePage.takeScreenShot(ProfilePage.java:28)
	at com.qtpselenium.facebook.pom.pages.ProfilePage.takeScreenShot(ProfilePage.java:28)
	at com.qtpselenium.facebook.pom.pages.ProfilePage.takeScreenShot(ProfilePage.java:28)
	at com.qtpselenium.facebook.pom.pages.ProfilePage.takeScreenShot(ProfilePage.java:28)
	at com.qtpselenium.facebook.pom.pages.ProfilePage.takeScreenShot(ProfilePage.java:28)
	at com.qtpselenium.facebook.pom.pages.ProfilePage.takeScreenShot(ProfilePage.java:28)
	at com.qtpselenium.facebook.pom.pages.ProfilePage.takeScreenShot(ProfilePage.java:28)
	at com.qtpselenium.facebook.pom.pages.ProfilePage.takeScreenShot(ProfilePage.java:28)
	at com.qtpselenium.facebook.pom.pages.ProfilePage.takeScreenShot(ProfilePage.java:28)
	at com.qtpselenium.facebook.pom.pages.ProfilePage.takeScreenShot(ProfilePage.java:28)
	at com.qtpselenium.facebook.pom.pages.ProfilePage.takeScreenShot(ProfilePage.java:28)
	at com.qtpselenium.facebook.pom.pages.ProfilePage.takeScreenShot(ProfilePage.java:28)
	at com.qtpselenium.facebook.pom.pages.ProfilePage.takeScreenShot(ProfilePage.java:28)
	at com.qtpselenium.facebook.pom.pages.ProfilePage.takeScreenShot(ProfilePage.java:28)
	at com.qtpselenium.facebook.pom.pages.ProfilePage.takeScreenShot(ProfilePage.java:28)
	at com.qtpselenium.facebook.pom.pages.ProfilePage.takeScreenShot(ProfilePage.java:28)
	at com.qtpselenium.facebook.pom.pages.ProfilePage.takeScreenShot(ProfilePage.java:28)
	at com.qtpselenium.facebook.pom.pages.ProfilePage.takeScreenShot(ProfilePage.java:28)
	at com.qtpselenium.facebook.pom.pages.ProfilePage.takeScreenShot(ProfilePage.java:28)
	at com.qtpselenium.facebook.pom.pages.ProfilePage.takeScreenShot(ProfilePage.java:28)
	at com.qtpselenium.facebook.pom.pages.ProfilePage.takeScreenShot(ProfilePage.java:28)
	at com.qtpselenium.facebook.pom.pages.ProfilePage.takeScreenShot(ProfilePage.java:28)
	at com.qtpselenium.facebook.pom.pages.ProfilePage.takeScreenShot(ProfilePage.java:28)
	at com.qtpselenium.facebook.pom.pages.ProfilePage.takeScreenShot(ProfilePage.java:28)
	at com.qtpselenium.facebook.pom.pages.ProfilePage.takeScreenShot(ProfilePage.java:28)
	at com.qtpselenium.facebook.pom.pages.ProfilePage.takeScreenShot(ProfilePage.java:28)
	at com.qtpselenium.facebook.pom.pages.ProfilePage.takeScreenShot(ProfilePage.java:28)
	at com.qtpselenium.facebook.pom.pages.ProfilePage.takeScreenShot(ProfilePage.java:28)
	at com.qtpselenium.facebook.pom.pages.ProfilePage.takeScreenShot(ProfilePage.java:28)
	at com.qtpselenium.facebook.pom.pages.ProfilePage.takeScreenShot(ProfilePage.java:28)
	at com.qtpselenium.facebook.pom.pages.ProfilePage.takeScreenShot(ProfilePage.java:28)
	at com.qtpselenium.facebook.pom.pages.ProfilePage.takeScreenShot(ProfilePage.java:28)
	at com.qtpselenium.facebook.pom.pages.ProfilePage.takeScreenShot(ProfilePage.java:28)
	at com.qtpselenium.facebook.pom.pages.ProfilePage.takeScreenShot(ProfilePage.java:28)
	at com.qtpselenium.facebook.pom.pages.ProfilePage.takeScreenShot(ProfilePage.java:28)
	at com.qtpselenium.facebook.pom.pages.ProfilePage.takeScreenShot(ProfilePage.java:28)
	at com.qtpselenium.facebook.pom.pages.ProfilePage.takeScreenShot(ProfilePage.java:28)
	at com.qtpselenium.facebook.pom.pages.ProfilePage.takeScreenShot(ProfilePage.java:28)
	at com.qtpselenium.facebook.pom.pages.ProfilePage.takeScreenShot(ProfilePage.java:28)
	at com.qtpselenium.facebook.pom.pages.ProfilePage.takeScreenShot(ProfilePage.java:28)
	at com.qtpselenium.facebook.pom.pages.ProfilePage.takeScreenShot(ProfilePage.java:28)
	at com.qtpselenium.facebook.pom.pages.ProfilePage.takeScreenShot(ProfilePage.java:28)
	at com.qtpselenium.facebook.pom.pages.ProfilePage.takeScreenShot(ProfilePage.java:28)
	at com.qtpselenium.facebook.pom.pages.ProfilePage.takeScreenShot(ProfilePage.java:28)
	at com.qtpselenium.facebook.pom.pages.ProfilePage.takeScreenShot(ProfilePage.java:28)
	at com.qtpselenium.facebook.pom.pages.ProfilePage.takeScreenShot(ProfilePage.java:28)
	at com.qtpselenium.facebook.pom.pages.ProfilePage.takeScreenShot(ProfilePage.java:28)
	at com.qtpselenium.facebook.pom.pages.ProfilePage.takeScreenShot(ProfilePage.java:28)
	at com.qtpselenium.facebook.pom.pages.ProfilePage.takeScreenShot(ProfilePage.java:28)
	at com.qtpselenium.facebook.pom.pages.ProfilePage.takeScreenShot(ProfilePage.java:28)
	at com.qtpselenium.facebook.pom.pages.ProfilePage.takeScreenShot(ProfilePage.java:28)
	at com.qtpselenium.facebook.pom.pages.ProfilePage.takeScreenShot(ProfilePage.java:28)
	at com.qtpselenium.facebook.pom.pages.ProfilePage.takeScreenShot(ProfilePage.java:28)
	at com.qtpselenium.facebook.pom.pages.ProfilePage.takeScreenShot(ProfilePage.java:28)
	at com.qtpselenium.facebook.pom.pages.ProfilePage.takeScreenShot(ProfilePage.java:28)
	at com.qtpselenium.facebook.pom.pages.ProfilePage.takeScreenShot(ProfilePage.java:28)
	at com.qtpselenium.facebook.pom.pages.ProfilePage.takeScreenShot(ProfilePage.java:28)
	at com.qtpselenium.facebook.pom.pages.ProfilePage.takeScreenShot(ProfilePage.java:28)
	at com.qtpselenium.facebook.pom.pages.ProfilePage.takeScreenShot(ProfilePage.java:28)
	at com.qtpselenium.facebook.pom.pages.ProfilePage.takeScreenShot(ProfilePage.java:28)
	at com.qtpselenium.facebook.pom.pages.ProfilePage.takeScreenShot(ProfilePage.java:28)
	at com.qtpselenium.facebook.pom.pages.ProfilePage.takeScreenShot(ProfilePage.java:28)
	at com.qtpselenium.facebook.pom.pages.ProfilePage.takeScreenShot(ProfilePage.java:28)
	at com.qtpselenium.facebook.pom.pages.ProfilePage.takeScreenShot(ProfilePage.java:28)
	at com.qtpselenium.facebook.pom.pages.ProfilePage.takeScreenShot(ProfilePage.java:28)
	at com.qtpselenium.facebook.pom.pages.ProfilePage.takeScreenShot(ProfilePage.java:28)
	at com.qtpselenium.facebook.pom.pages.ProfilePage.takeScreenShot(ProfilePage.java:28)
	at com.qtpselenium.facebook.pom.pages.ProfilePage.takeScreenShot(ProfilePage.java:28)
	at com.qtpselenium.facebook.pom.pages.ProfilePage.takeScreenShot(ProfilePage.java:28)
	at com.qtpselenium.facebook.pom.pages.ProfilePage.takeScreenShot(ProfilePage.java:28)
	at com.qtpselenium.facebook.pom.pages.ProfilePage.takeScreenShot(ProfilePage.java:28)
	at com.qtpselenium.facebook.pom.pages.ProfilePage.takeScreenShot(ProfilePage.java:28)
	at com.qtpselenium.facebook.pom.pages.ProfilePage.takeScreenShot(ProfilePage.java:28)
	at com.qtpselenium.facebook.pom.pages.ProfilePage.takeScreenShot(ProfilePage.java:28)
	at com.qtpselenium.facebook.pom.pages.ProfilePage.takeScreenShot(ProfilePage.java:28)
	at com.qtpselenium.facebook.pom.pages.ProfilePage.takeScreenShot(ProfilePage.java:28)
	at com.qtpselenium.facebook.pom.pages.ProfilePage.takeScreenShot(ProfilePage.java:28)
	at com.qtpselenium.facebook.pom.pages.ProfilePage.takeScreenShot(ProfilePage.java:28)
	at com.qtpselenium.facebook.pom.pages.ProfilePage.takeScreenShot(ProfilePage.java:28)
	at com.qtpselenium.facebook.pom.pages.ProfilePage.takeScreenShot(ProfilePage.java:28)
	at com.qtpselenium.facebook.pom.pages.ProfilePage.takeScreenShot(ProfilePage.java:28)
	at com.qtpselenium.facebook.pom.pages.ProfilePage.takeScreenShot(ProfilePage.java:28)
	at com.qtpselenium.facebook.pom.pages.ProfilePage.takeScreenShot(ProfilePage.java:28)
	at com.qtpselenium.facebook.pom.pages.ProfilePage.takeScreenShot(ProfilePage.java:28)
	at com.qtpselenium.facebook.pom.pages.ProfilePage.takeScreenShot(ProfilePage.java:28)
	at com.qtpselenium.facebook.pom.pages.ProfilePage.takeScreenShot(ProfilePage.java:28)
	at com.qtpselenium.facebook.pom.pages.ProfilePage.takeScreenShot(ProfilePage.java:28)
	at com.qtpselenium.facebook.pom.pages.ProfilePage.takeScreenShot(ProfilePage.java:28)
	at com.qtpselenium.facebook.pom.pages.ProfilePage.takeScreenShot(ProfilePage.java:28)
	at com.qtpselenium.facebook.pom.pages.ProfilePage.takeScreenShot(ProfilePage.java:28)
	at com.qtpselenium.facebook.pom.pages.ProfilePage.takeScreenShot(ProfilePage.java:28)
	at com.qtpselenium.facebook.pom.pages.ProfilePage.takeScreenShot(ProfilePage.java:28)
	at com.qtpselenium.facebook.pom.pages.ProfilePage.takeScreenShot(ProfilePage.java:28)
	at com.qtpselenium.facebook.pom.pages.ProfilePage.takeScreenShot(ProfilePage.java:28)
	at com.qtpselenium.facebook.pom.pages.ProfilePage.takeScreenShot(ProfilePage.java:28)
	at com.qtpselenium.facebook.pom.pages.ProfilePage.takeScreenShot(ProfilePage.java:28)
	at com.qtpselenium.facebook.pom.pages.ProfilePage.takeScreenShot(ProfilePage.java:28)
	at com.qtpselenium.facebook.pom.pages.ProfilePage.takeScreenShot(ProfilePage.java:28)
	at com.qtpselenium.facebook.pom.pages.ProfilePage.takeScreenShot(ProfilePage.java:28)
	at com.qtpselenium.facebook.pom.pages.ProfilePage.takeScreenShot(ProfilePage.java:28)
	at com.qtpselenium.facebook.pom.pages.ProfilePage.takeScreenShot(ProfilePage.java:28)
	at com.qtpselenium.facebook.pom.pages.ProfilePage.takeScreenShot(ProfilePage.java:28)
	at com.qtpselenium.facebook.pom.pages.ProfilePage.takeScreenShot(ProfilePage.java:28)
	at com.qtpselenium.facebook.pom.pages.ProfilePage.takeScreenShot(ProfilePage.java:28)
	at com.qtpselenium.facebook.pom.pages.ProfilePage.takeScreenShot(ProfilePage.java:28)
	at com.qtpselenium.facebook.pom.pages.ProfilePage.takeScreenShot(ProfilePage.java:28)
	at com.qtpselenium.facebook.pom.pages.ProfilePage.takeScreenShot(ProfilePage.java:28)
	at com.qtpselenium.facebook.pom.pages.ProfilePage.takeScreenShot(ProfilePage.java:28)
	at com.qtpselenium.facebook.pom.pages.ProfilePage.takeScreenShot(ProfilePage.java:28)
	at com.qtpselenium.facebook.pom.pages.ProfilePage.takeScreenShot(ProfilePage.java:28)
	at com.qtpselenium.facebook.pom.pages.ProfilePage.takeScreenShot(ProfilePage.java:28)
	at com.qtpselenium.facebook.pom.pages.ProfilePage.takeScreenShot(ProfilePage.java:28)
	at com.qtpselenium.facebook.pom.pages.ProfilePage.takeScreenShot(ProfilePage.java:28)
	at com.qtpselenium.facebook.pom.pages.ProfilePage.takeScreenShot(ProfilePage.java:28)
	at com.qtpselenium.facebook.pom.pages.ProfilePage.takeScreenShot(ProfilePage.java:28)
	at com.qtpselenium.facebook.pom.pages.ProfilePage.takeScreenShot(ProfilePage.java:28)
	at com.qtpselenium.facebook.pom.pages.ProfilePage.takeScreenShot(ProfilePage.java:28)
	at com.qtpselenium.facebook.pom.pages.ProfilePage.takeScreenShot(ProfilePage.java:28)
	at com.qtpselenium.facebook.pom.pages.ProfilePage.takeScreenShot(ProfilePage.java:28)
	at com.qtpselenium.facebook.pom.pages.ProfilePage.takeScreenShot(ProfilePage.java:28)
	at com.qtpselenium.facebook.pom.pages.ProfilePage.takeScreenShot(ProfilePage.java:28)
	at com.qtpselenium.facebook.pom.pages.ProfilePage.takeScreenShot(ProfilePage.java:28)
	at com.qtpselenium.facebook.pom.pages.ProfilePage.takeScreenShot(ProfilePage.java:28)
	at com.qtpselenium.facebook.pom.pages.ProfilePage.takeScreenShot(ProfilePage.java:28)
	at com.qtpselenium.facebook.pom.pages.ProfilePage.takeScreenShot(ProfilePage.java:28)
	at com.qtpselenium.facebook.pom.pages.ProfilePage.takeScreenShot(ProfilePage.java:28)
	at com.qtpselenium.facebook.pom.pages.ProfilePage.takeScreenShot(ProfilePage.java:28)
	at com.qtpselenium.facebook.pom.pages.ProfilePage.takeScreenShot(ProfilePage.java:28)
	at com.qtpselenium.facebook.pom.pages.ProfilePage.takeScreenShot(ProfilePage.java:28)
	at com.qtpselenium.facebook.pom.pages.ProfilePage.takeScreenShot(ProfilePage.java:28)
	at com.qtpselenium.facebook.pom.pages.ProfilePage.takeScreenShot(ProfilePage.java:28)
	at com.qtpselenium.facebook.pom.pages.ProfilePage.takeScreenShot(ProfilePage.java:28)
	at com.qtpselenium.facebook.pom.pages.ProfilePage.takeScreenShot(ProfilePage.java:28)
	at com.qtpselenium.facebook.pom.pages.ProfilePage.takeScreenShot(ProfilePage.java:28)
	at com.qtpselenium.facebook.pom.pages.ProfilePage.takeScreenShot(ProfilePage.java:28)
	at com.qtpselenium.facebook.pom.pages.ProfilePage.takeScreenShot(ProfilePage.java:28)
	at com.qtpselenium.facebook.pom.pages.ProfilePage.takeScreenShot(ProfilePage.java:28)
	at com.qtpselenium.facebook.pom.pages.ProfilePage.takeScreenShot(ProfilePage.java:28)
	at com.qtpselenium.facebook.pom.pages.ProfilePage.takeScreenShot(ProfilePage.java:28)
	at com.qtpselenium.facebook.pom.pages.ProfilePage.takeScreenShot(ProfilePage.java:28)
	at com.qtpselenium.facebook.pom.pages.ProfilePage.takeScreenShot(ProfilePage.java:28)
	at com.qtpselenium.facebook.pom.pages.ProfilePage.takeScreenShot(ProfilePage.java:28)
	at com.qtpselenium.facebook.pom.pages.ProfilePage.takeScreenShot(ProfilePage.java:28)
	at com.qtpselenium.facebook.pom.pages.ProfilePage.takeScreenShot(ProfilePage.java:28)
	at com.qtpselenium.facebook.pom.pages.ProfilePage.takeScreenShot(ProfilePage.java:28)
	at com.qtpselenium.facebook.pom.pages.ProfilePage.takeScreenShot(ProfilePage.java:28)
	at com.qtpselenium.facebook.pom.pages.ProfilePage.takeScreenShot(ProfilePage.java:28)
	at com.qtpselenium.facebook.pom.pages.ProfilePage.takeScreenShot(ProfilePage.java:28)
	at com.qtpselenium.facebook.pom.pages.ProfilePage.takeScreenShot(ProfilePage.java:28)
	at com.qtpselenium.facebook.pom.pages.ProfilePage.takeScreenShot(ProfilePage.java:28)
	at com.qtpselenium.facebook.pom.pages.ProfilePage.takeScreenShot(ProfilePage.java:28)
	at com.qtpselenium.facebook.pom.pages.ProfilePage.takeScreenShot(ProfilePage.java:28)
	at com.qtpselenium.facebook.pom.pages.ProfilePage.takeScreenShot(ProfilePage.java:28)
	at com.qtpselenium.facebook.pom.pages.ProfilePage.takeScreenShot(ProfilePage.java:28)
	at com.qtpselenium.facebook.pom.pages.ProfilePage.takeScreenShot(ProfilePage.java:28)
	at com.qtpselenium.facebook.pom.pages.ProfilePage.takeScreenShot(ProfilePage.java:28)
	at com.qtpselenium.facebook.pom.pages.ProfilePage.takeScreenShot(ProfilePage.java:28)
	at com.qtpselenium.facebook.pom.pages.ProfilePage.takeScreenShot(ProfilePage.java:28)
	at com.qtpselenium.facebook.pom.pages.ProfilePage.takeScreenShot(ProfilePage.java:28)
	at com.qtpselenium.facebook.pom.pages.ProfilePage.takeScreenShot(ProfilePage.java:28)
	at com.qtpselenium.facebook.pom.pages.ProfilePage.takeScreenShot(ProfilePage.java:28)
	at com.qtpselenium.facebook.pom.pages.ProfilePage.takeScreenShot(ProfilePage.java:28)
	at com.qtpselenium.facebook.pom.pages.ProfilePage.takeScreenShot(ProfilePage.java:28)
	at com.qtpselenium.facebook.pom.pages.ProfilePage.takeScreenShot(ProfilePage.java:28)
	at com.qtpselenium.facebook.pom.pages.ProfilePage.takeScreenShot(ProfilePage.java:28)
	at com.qtpselenium.facebook.pom.pages.ProfilePage.takeScreenShot(ProfilePage.java:28)
	at com.qtpselenium.facebook.pom.pages.ProfilePage.takeScreenShot(ProfilePage.java:28)
	at com.qtpselenium.facebook.pom.pages.ProfilePage.takeScreenShot(ProfilePage.java:28)
	at com.qtpselenium.facebook.pom.pages.ProfilePage.takeScreenShot(ProfilePage.java:28)
	at com.qtpselenium.facebook.pom.pages.ProfilePage.takeScreenShot(ProfilePage.java:28)
	at com.qtpselenium.facebook.pom.pages.ProfilePage.takeScreenShot(ProfilePage.java:28)
	at com.qtpselenium.facebook.pom.pages.ProfilePage.takeScreenShot(ProfilePage.java:28)
	at com.qtpselenium.facebook.pom.pages.ProfilePage.takeScreenShot(ProfilePage.java:28)
	at com.qtpselenium.facebook.pom.pages.ProfilePage.takeScreenShot(ProfilePage.java:28)
	at com.qtpselenium.facebook.pom.pages.ProfilePage.takeScreenShot(ProfilePage.java:28)
	at com.qtpselenium.facebook.pom.pages.ProfilePage.takeScreenShot(ProfilePage.java:28)
	at com.qtpselenium.facebook.pom.pages.ProfilePage.takeScreenShot(ProfilePage.java:28)
	at com.qtpselenium.facebook.pom.pages.ProfilePage.takeScreenShot(ProfilePage.java:28)
	at com.qtpselenium.facebook.pom.pages.ProfilePage.takeScreenShot(ProfilePage.java:28)
	at com.qtpselenium.facebook.pom.pages.ProfilePage.takeScreenShot(ProfilePage.java:28)
	at com.qtpselenium.facebook.pom.pages.ProfilePage.takeScreenShot(ProfilePage.java:28)
	at com.qtpselenium.facebook.pom.pages.ProfilePage.takeScreenShot(ProfilePage.java:28)
	at com.qtpselenium.facebook.pom.pages.ProfilePage.takeScreenShot(ProfilePage.java:28)
	at com.qtpselenium.facebook.pom.pages.ProfilePage.takeScreenShot(ProfilePage.java:28)
	at com.qtpselenium.facebook.pom.pages.ProfilePage.takeScreenShot(ProfilePage.java:28)
	at com.qtpselenium.facebook.pom.pages.ProfilePage.takeScreenShot(ProfilePage.java:28)
	at com.qtpselenium.facebook.pom.pages.ProfilePage.takeScreenShot(ProfilePage.java:28)
	at com.qtpselenium.facebook.pom.pages.ProfilePage.takeScreenShot(ProfilePage.java:28)
	at com.qtpselenium.facebook.pom.pages.ProfilePage.takeScreenShot(ProfilePage.java:28)
	at com.qtpselenium.facebook.pom.pages.ProfilePage.takeScreenShot(ProfilePage.java:28)
	at com.qtpselenium.facebook.pom.pages.ProfilePage.takeScreenShot(ProfilePage.java:28)
	at com.qtpselenium.facebook.pom.pages.ProfilePage.takeScreenShot(ProfilePage.java:28)
	at com.qtpselenium.facebook.pom.pages.ProfilePage.takeScreenShot(ProfilePage.java:28)
	at com.qtpselenium.facebook.pom.pages.ProfilePage.takeScreenShot(ProfilePage.java:28)
	at com.qtpselenium.facebook.pom.pages.ProfilePage.takeScreenShot(ProfilePage.java:28)
	at com.qtpselenium.facebook.pom.pages.ProfilePage.takeScreenShot(ProfilePage.java:28)
	at com.qtpselenium.facebook.pom.pages.ProfilePage.takeScreenShot(ProfilePage.java:28)
	at com.qtpselenium.facebook.pom.pages.ProfilePage.takeScreenShot(ProfilePage.java:28)
	at com.qtpselenium.facebook.pom.pages.ProfilePage.takeScreenShot(ProfilePage.java:28)
	at com.qtpselenium.facebook.pom.pages.ProfilePage.takeScreenShot(ProfilePage.java:28)
	at com.qtpselenium.facebook.pom.pages.ProfilePage.takeScreenShot(ProfilePage.java:28)
	at com.qtpselenium.facebook.pom.pages.ProfilePage.takeScreenShot(ProfilePage.java:28)
	at com.qtpselenium.facebook.pom.pages.ProfilePage.takeScreenShot(ProfilePage.java:28)
	at com.qtpselenium.facebook.pom.pages.ProfilePage.takeScreenShot(ProfilePage.java:28)
	at com.qtpselenium.facebook.pom.pages.ProfilePage.takeScreenShot(ProfilePage.java:28)
	at com.qtpselenium.facebook.pom.pages.ProfilePage.takeScreenShot(ProfilePage.java:28)
	at com.qtpselenium.facebook.pom.pages.ProfilePage.takeScreenShot(ProfilePage.java:28)
	at com.qtpselenium.facebook.pom.pages.ProfilePage.takeScreenShot(ProfilePage.java:28)
	at com.qtpselenium.facebook.pom.pages.ProfilePage.takeScreenShot(ProfilePage.java:28)
	at com.qtpselenium.facebook.pom.pages.ProfilePage.takeScreenShot(ProfilePage.java:28)
	at com.qtpselenium.facebook.pom.pages.ProfilePage.takeScreenShot(ProfilePage.java:28)
	at com.qtpselenium.facebook.pom.pages.ProfilePage.takeScreenShot(ProfilePage.java:28)
	at com.qtpselenium.facebook.pom.pages.ProfilePage.takeScreenShot(ProfilePage.java:28)
	at com.qtpselenium.facebook.pom.pages.ProfilePage.takeScreenShot(ProfilePage.java:28)
	at com.qtpselenium.facebook.pom.pages.ProfilePage.takeScreenShot(ProfilePage.java:28)
	at com.qtpselenium.facebook.pom.pages.ProfilePage.takeScreenShot(ProfilePage.java:28)
	at com.qtpselenium.facebook.pom.pages.ProfilePage.takeScreenShot(ProfilePage.java:28)
	at com.qtpselenium.facebook.pom.pages.ProfilePage.takeScreenShot(ProfilePage.java:28)
	at com.qtpselenium.facebook.pom.pages.ProfilePage.takeScreenShot(ProfilePage.java:28)
	at com.qtpselenium.facebook.pom.pages.ProfilePage.takeScreenShot(ProfilePage.java:28)
	at com.qtpselenium.facebook.pom.pages.ProfilePage.takeScreenShot(ProfilePage.java:28)
	at com.qtpselenium.facebook.pom.pages.ProfilePage.takeScreenShot(ProfilePage.java:28)
	at com.qtpselenium.facebook.pom.pages.ProfilePage.takeScreenShot(ProfilePage.java:28)
	at com.qtpselenium.facebook.pom.pages.ProfilePage.takeScreenShot(ProfilePage.java:28)
	at com.qtpselenium.facebook.pom.pages.ProfilePage.takeScreenShot(ProfilePage.java:28)
	at com.qtpselenium.facebook.pom.pages.ProfilePage.takeScreenShot(ProfilePage.java:28)
	at com.qtpselenium.facebook.pom.pages.ProfilePage.takeScreenShot(ProfilePage.java:28)
	at com.qtpselenium.facebook.pom.pages.ProfilePage.takeScreenShot(ProfilePage.java:28)
	at com.qtpselenium.facebook.pom.pages.ProfilePage.takeScreenShot(ProfilePage.java:28)
	at com.qtpselenium.facebook.pom.pages.ProfilePage.takeScreenShot(ProfilePage.java:28)
	at com.qtpselenium.facebook.pom.pages.ProfilePage.takeScreenShot(ProfilePage.java:28)
	at com.qtpselenium.facebook.pom.pages.ProfilePage.takeScreenShot(ProfilePage.java:28)
	at com.qtpselenium.facebook.pom.pages.ProfilePage.takeScreenShot(ProfilePage.java:28)
	at com.qtpselenium.facebook.pom.pages.ProfilePage.takeScreenShot(ProfilePage.java:28)
	at com.qtpselenium.facebook.pom.pages.ProfilePage.takeScreenShot(ProfilePage.java:28)
	at com.qtpselenium.facebook.pom.pages.ProfilePage.takeScreenShot(ProfilePage.java:28)
	at com.qtpselenium.facebook.pom.pages.ProfilePage.takeScreenShot(ProfilePage.java:28)
	at com.qtpselenium.facebook.pom.pages.ProfilePage.takeScreenShot(ProfilePage.java:28)
	at com.qtpselenium.facebook.pom.pages.ProfilePage.takeScreenShot(ProfilePage.java:28)
	at com.qtpselenium.facebook.pom.pages.ProfilePage.takeScreenShot(ProfilePage.java:28)
	at com.qtpselenium.facebook.pom.pages.ProfilePage.takeScreenShot(ProfilePage.java:28)
	at com.qtpselenium.facebook.pom.pages.ProfilePage.takeScreenShot(ProfilePage.java:28)
	at com.qtpselenium.facebook.pom.pages.ProfilePage.takeScreenShot(ProfilePage.java:28)
	at com.qtpselenium.facebook.pom.pages.ProfilePage.takeScreenShot(ProfilePage.java:28)
	at com.qtpselenium.facebook.pom.pages.ProfilePage.takeScreenShot(ProfilePage.java:28)
	at com.qtpselenium.facebook.pom.pages.ProfilePage.takeScreenShot(ProfilePage.java:28)
	at com.qtpselenium.facebook.pom.pages.ProfilePage.takeScreenShot(ProfilePage.java:28)
	at com.qtpselenium.facebook.pom.pages.ProfilePage.takeScreenShot(ProfilePage.java:28)
	at com.qtpselenium.facebook.pom.pages.ProfilePage.takeScreenShot(ProfilePage.java:28)
	at com.qtpselenium.facebook.pom.pages.ProfilePage.takeScreenShot(ProfilePage.java:28)
	at com.qtpselenium.facebook.pom.pages.ProfilePage.takeScreenShot(ProfilePage.java:28)
	at com.qtpselenium.facebook.pom.pages.ProfilePage.takeScreenShot(ProfilePage.java:28)
	at com.qtpselenium.facebook.pom.pages.ProfilePage.takeScreenShot(ProfilePage.java:28)
	at com.qtpselenium.facebook.pom.pages.ProfilePage.takeScreenShot(ProfilePage.java:28)
	at com.qtpselenium.facebook.pom.pages.ProfilePage.takeScreenShot(ProfilePage.java:28)
	at com.qtpselenium.facebook.pom.pages.ProfilePage.takeScreenShot(ProfilePage.java:28)
	at com.qtpselenium.facebook.pom.pages.ProfilePage.takeScreenShot(ProfilePage.java:28)
	at com.qtpselenium.facebook.pom.pages.ProfilePage.takeScreenShot(ProfilePage.java:28)
	at com.qtpselenium.facebook.pom.pages.ProfilePage.takeScreenShot(ProfilePage.java:28)
	at com.qtpselenium.facebook.pom.pages.ProfilePage.takeScreenShot(ProfilePage.java:28)
	at com.qtpselenium.facebook.pom.pages.ProfilePage.takeScreenShot(ProfilePage.java:28)
	at com.qtpselenium.facebook.pom.pages.ProfilePage.takeScreenShot(ProfilePage.java:28)
	at com.qtpselenium.facebook.pom.pages.ProfilePage.takeScreenShot(ProfilePage.java:28)
	at com.qtpselenium.facebook.pom.pages.ProfilePage.takeScreenShot(ProfilePage.java:28)
	at com.qtpselenium.facebook.pom.pages.ProfilePage.takeScreenShot(ProfilePage.java:28)
	at com.qtpselenium.facebook.pom.pages.ProfilePage.takeScreenShot(ProfilePage.java:28)
	at com.qtpselenium.facebook.pom.pages.ProfilePage.takeScreenShot(ProfilePage.java:28)
	at com.qtpselenium.facebook.pom.pages.ProfilePage.takeScreenShot(ProfilePage.java:28)
	at com.qtpselenium.facebook.pom.pages.ProfilePage.takeScreenShot(ProfilePage.java:28)
	at com.qtpselenium.facebook.pom.pages.ProfilePage.takeScreenShot(ProfilePage.java:28)
	at com.qtpselenium.facebook.pom.pages.ProfilePage.takeScreenShot(ProfilePage.java:28)
	at com.qtpselenium.facebook.pom.pages.ProfilePage.takeScreenShot(ProfilePage.java:28)
	at com.qtpselenium.facebook.pom.pages.ProfilePage.takeScreenShot(ProfilePage.java:28)
	at com.qtpselenium.facebook.pom.pages.ProfilePage.takeScreenShot(ProfilePage.java:28)
	at com.qtpselenium.facebook.pom.pages.ProfilePage.takeScreenShot(ProfilePage.java:28)
	at com.qtpselenium.facebook.pom.pages.ProfilePage.takeScreenShot(ProfilePage.java:28)
	at com.qtpselenium.facebook.pom.pages.ProfilePage.takeScreenShot(ProfilePage.java:28)
	at com.qtpselenium.facebook.pom.pages.ProfilePage.takeScreenShot(ProfilePage.java:28)
	at com.qtpselenium.facebook.pom.pages.ProfilePage.takeScreenShot(ProfilePage.java:28)
	at com.qtpselenium.facebook.pom.pages.ProfilePage.takeScreenShot(ProfilePage.java:28)
	at com.qtpselenium.facebook.pom.pages.ProfilePage.takeScreenShot(ProfilePage.java:28)
	at com.qtpselenium.facebook.pom.pages.ProfilePage.takeScreenShot(ProfilePage.java:28)
	at com.qtpselenium.facebook.pom.pages.ProfilePage.takeScreenShot(ProfilePage.java:28)
	at com.qtpselenium.facebook.pom.pages.ProfilePage.takeScreenShot(ProfilePage.java:28)
	at com.qtpselenium.facebook.pom.pages.ProfilePage.takeScreenShot(ProfilePage.java:28)
	at com.qtpselenium.facebook.pom.pages.ProfilePage.takeScreenShot(ProfilePage.java:28)
	at com.qtpselenium.facebook.pom.pages.ProfilePage.takeScreenShot(ProfilePage.java:28)
	at com.qtpselenium.facebook.pom.pages.ProfilePage.takeScreenShot(ProfilePage.java:28)
	at com.qtpselenium.facebook.pom.pages.ProfilePage.takeScreenShot(ProfilePage.java:28)
	at com.qtpselenium.facebook.pom.pages.ProfilePage.takeScreenShot(ProfilePage.java:28)
	at com.qtpselenium.facebook.pom.pages.ProfilePage.takeScreenShot(ProfilePage.java:28)
	at com.qtpselenium.facebook.pom.pages.ProfilePage.takeScreenShot(ProfilePage.java:28)
	at com.qtpselenium.facebook.pom.pages.ProfilePage.takeScreenShot(ProfilePage.java:28)
	at com.qtpselenium.facebook.pom.pages.ProfilePage.takeScreenShot(ProfilePage.java:28)
	at com.qtpselenium.facebook.pom.pages.ProfilePage.takeScreenShot(ProfilePage.java:28)
	at com.qtpselenium.facebook.pom.pages.ProfilePage.takeScreenShot(ProfilePage.java:28)
	at com.qtpselenium.facebook.pom.pages.ProfilePage.takeScreenShot(ProfilePage.java:28)
	at com.qtpselenium.facebook.pom.pages.ProfilePage.takeScreenShot(ProfilePage.java:28)
	at com.qtpselenium.facebook.pom.pages.ProfilePage.takeScreenShot(ProfilePage.java:28)
	at com.qtpselenium.facebook.pom.pages.ProfilePage.takeScreenShot(ProfilePage.java:28)
	at com.qtpselenium.facebook.pom.pages.ProfilePage.takeScreenShot(ProfilePage.java:28)
	at com.qtpselenium.facebook.pom.pages.ProfilePage.takeScreenShot(ProfilePage.java:28)
	at com.qtpselenium.facebook.pom.pages.ProfilePage.takeScreenShot(ProfilePage.java:28)
	at com.qtpselenium.facebook.pom.pages.ProfilePage.takeScreenShot(ProfilePage.java:28)
	at com.qtpselenium.facebook.pom.pages.ProfilePage.takeScreenShot(ProfilePage.java:28)
	at com.qtpselenium.facebook.pom.pages.ProfilePage.takeScreenShot(ProfilePage.java:28)
	at com.qtpselenium.facebook.pom.pages.ProfilePage.takeScreenShot(ProfilePage.java:28)
	at com.qtpselenium.facebook.pom.pages.ProfilePage.takeScreenShot(ProfilePage.java:28)
	at com.qtpselenium.facebook.pom.pages.ProfilePage.takeScreenShot(ProfilePage.java:28)
	at com.qtpselenium.facebook.pom.pages.ProfilePage.takeScreenShot(ProfilePage.java:28)
	at com.qtpselenium.facebook.pom.pages.ProfilePage.takeScreenShot(ProfilePage.java:28)
	at com.qtpselenium.facebook.pom.pages.ProfilePage.takeScreenShot(ProfilePage.java:28)
	at com.qtpselenium.facebook.pom.pages.ProfilePage.takeScreenShot(ProfilePage.java:28)
	at com.qtpselenium.facebook.pom.pages.ProfilePage.takeScreenShot(ProfilePage.java:28)
	at com.qtpselenium.facebook.pom.pages.ProfilePage.takeScreenShot(ProfilePage.java:28)
	at com.qtpselenium.facebook.pom.pages.ProfilePage.takeScreenShot(ProfilePage.java:28)
	at com.qtpselenium.facebook.pom.pages.ProfilePage.takeScreenShot(ProfilePage.java:28)
	at com.qtpselenium.facebook.pom.pages.ProfilePage.takeScreenShot(ProfilePage.java:28)
	at com.qtpselenium.facebook.pom.pages.ProfilePage.takeScreenShot(ProfilePage.java:28)
	at com.qtpselenium.facebook.pom.pages.ProfilePage.takeScreenShot(ProfilePage.java:28)
	at com.qtpselenium.facebook.pom.pages.ProfilePage.takeScreenShot(ProfilePage.java:28)
	at com.qtpselenium.facebook.pom.pages.ProfilePage.takeScreenShot(ProfilePage.java:28)
	at com.qtpselenium.facebook.pom.pages.ProfilePage.takeScreenShot(ProfilePage.java:28)
	at com.qtpselenium.facebook.pom.pages.ProfilePage.takeScreenShot(ProfilePage.java:28)
	at com.qtpselenium.facebook.pom.pages.ProfilePage.takeScreenShot(ProfilePage.java:28)
	at com.qtpselenium.facebook.pom.pages.ProfilePage.takeScreenShot(ProfilePage.java:28)
	at com.qtpselenium.facebook.pom.pages.ProfilePage.takeScreenShot(ProfilePage.java:28)
	at com.qtpselenium.facebook.pom.pages.ProfilePage.takeScreenShot(ProfilePage.java:28)
	at com.qtpselenium.facebook.pom.pages.ProfilePage.takeScreenShot(ProfilePage.java:28)
	at com.qtpselenium.facebook.pom.pages.ProfilePage.takeScreenShot(ProfilePage.java:28)
	at com.qtpselenium.facebook.pom.pages.ProfilePage.takeScreenShot(ProfilePage.java:28)
	at com.qtpselenium.facebook.pom.pages.ProfilePage.takeScreenShot(ProfilePage.java:28)
	at com.qtpselenium.facebook.pom.pages.ProfilePage.takeScreenShot(ProfilePage.java:28)
	at com.qtpselenium.facebook.pom.pages.ProfilePage.takeScreenShot(ProfilePage.java:28)
	at com.qtpselenium.facebook.pom.pages.ProfilePage.takeScreenShot(ProfilePage.java:28)
	at com.qtpselenium.facebook.pom.pages.ProfilePage.takeScreenShot(ProfilePage.java:28)
	at com.qtpselenium.facebook.pom.pages.ProfilePage.takeScreenShot(ProfilePage.java:28)
	at com.qtpselenium.facebook.pom.pages.ProfilePage.takeScreenShot(ProfilePage.java:28)
	at com.qtpselenium.facebook.pom.pages.ProfilePage.takeScreenShot(ProfilePage.java:28)
	at com.qtpselenium.facebook.pom.pages.ProfilePage.takeScreenShot(ProfilePage.java:28)
	at com.qtpselenium.facebook.pom.pages.ProfilePage.takeScreenShot(ProfilePage.java:28)
	at com.qtpselenium.facebook.pom.pages.ProfilePage.takeScreenShot(ProfilePage.java:28)
	at com.qtpselenium.facebook.pom.pages.ProfilePage.takeScreenShot(ProfilePage.java:28)
	at com.qtpselenium.facebook.pom.pages.ProfilePage.takeScreenShot(ProfilePage.java:28)
	at com.qtpselenium.facebook.pom.pages.ProfilePage.takeScreenShot(ProfilePage.java:28)
	at com.qtpselenium.facebook.pom.pages.ProfilePage.takeScreenShot(ProfilePage.java:28)
	at com.qtpselenium.facebook.pom.pages.ProfilePage.takeScreenShot(ProfilePage.java:28)
	at com.qtpselenium.facebook.pom.pages.ProfilePage.takeScreenShot(ProfilePage.java:28)
	at com.qtpselenium.facebook.pom.pages.ProfilePage.takeScreenShot(ProfilePage.java:28)
	at com.qtpselenium.facebook.pom.pages.ProfilePage.takeScreenShot(ProfilePage.java:28)
	at com.qtpselenium.facebook.pom.pages.ProfilePage.takeScreenShot(ProfilePage.java:28)
	at com.qtpselenium.facebook.pom.pages.ProfilePage.takeScreenShot(ProfilePage.java:28)
	at com.qtpselenium.facebook.pom.pages.ProfilePage.takeScreenShot(ProfilePage.java:28)
	at com.qtpselenium.facebook.pom.pages.ProfilePage.takeScreenShot(ProfilePage.java:28)
	at com.qtpselenium.facebook.pom.pages.ProfilePage.takeScreenShot(ProfilePage.java:28)
	at com.qtpselenium.facebook.pom.pages.ProfilePage.takeScreenShot(ProfilePage.java:28)
	at com.qtpselenium.facebook.pom.pages.ProfilePage.takeScreenShot(ProfilePage.java:28)
	at com.qtpselenium.facebook.pom.pages.ProfilePage.takeScreenShot(ProfilePage.java:28)
	at com.qtpselenium.facebook.pom.pages.ProfilePage.takeScreenShot(ProfilePage.java:28)
	at com.qtpselenium.facebook.pom.pages.ProfilePage.takeScreenShot(ProfilePage.java:28)
	at com.qtpselenium.facebook.pom.pages.ProfilePage.takeScreenShot(ProfilePage.java:28)
	at com.qtpselenium.facebook.pom.pages.ProfilePage.takeScreenShot(ProfilePage.java:28)
	at com.qtpselenium.facebook.pom.pages.ProfilePage.takeScreenShot(ProfilePage.java:28)
	at com.qtpselenium.facebook.pom.pages.ProfilePage.takeScreenShot(ProfilePage.java:28)
	at com.qtpselenium.facebook.pom.pages.ProfilePage.takeScreenShot(ProfilePage.java:28)
	at com.qtpselenium.facebook.pom.pages.ProfilePage.takeScreenShot(ProfilePage.java:28)
	at com.qtpselenium.facebook.pom.pages.ProfilePage.takeScreenShot(ProfilePage.java:28)
	at com.qtpselenium.facebook.pom.pages.ProfilePage.takeScreenShot(ProfilePage.java:28)
	at com.qtpselenium.facebook.pom.pages.ProfilePage.takeScreenShot(ProfilePage.java:28)
	at com.qtpselenium.facebook.pom.pages.ProfilePage.takeScreenShot(ProfilePage.java:28)
	at com.qtpselenium.facebook.pom.pages.ProfilePage.takeScreenShot(ProfilePage.java:28)
	at com.qtpselenium.facebook.pom.pages.ProfilePage.takeScreenShot(ProfilePage.java:28)
	at com.qtpselenium.facebook.pom.pages.ProfilePage.takeScreenShot(ProfilePage.java:28)
	at com.qtpselenium.facebook.pom.pages.ProfilePage.takeScreenShot(ProfilePage.java:28)
	at com.qtpselenium.facebook.pom.pages.ProfilePage.takeScreenShot(ProfilePage.java:28)
	at com.qtpselenium.facebook.pom.pages.ProfilePage.takeScreenShot(ProfilePage.java:28)
	at com.qtpselenium.facebook.pom.pages.ProfilePage.takeScreenShot(ProfilePage.java:28)
	at com.qtpselenium.facebook.pom.pages.ProfilePage.takeScreenShot(ProfilePage.java:28)
	at com.qtpselenium.facebook.pom.pages.ProfilePage.takeScreenShot(ProfilePage.java:28)
	at com.qtpselenium.facebook.pom.pages.ProfilePage.takeScreenShot(ProfilePage.java:28)
	at com.qtpselenium.facebook.pom.pages.ProfilePage.takeScreenShot(ProfilePage.java:28)
	at com.qtpselenium.facebook.pom.pages.ProfilePage.takeScreenShot(ProfilePage.java:28)
	at com.qtpselenium.facebook.pom.pages.ProfilePage.takeScreenShot(ProfilePage.java:28)
	at com.qtpselenium.facebook.pom.pages.ProfilePage.takeScreenShot(ProfilePage.java:28)
	at com.qtpselenium.facebook.pom.pages.ProfilePage.takeScreenShot(ProfilePage.java:28)
	at com.qtpselenium.facebook.pom.pages.ProfilePage.takeScreenShot(ProfilePage.java:28)
	at com.qtpselenium.facebook.pom.pages.ProfilePage.takeScreenShot(ProfilePage.java:28)
	at com.qtpselenium.facebook.pom.pages.ProfilePage.takeScreenShot(ProfilePage.java:28)
	at com.qtpselenium.facebook.pom.pages.ProfilePage.takeScreenShot(ProfilePage.java:28)
	at com.qtpselenium.facebook.pom.pages.ProfilePage.takeScreenShot(ProfilePage.java:28)
	at com.qtpselenium.facebook.pom.pages.ProfilePage.takeScreenShot(ProfilePage.java:28)
	at com.qtpselenium.facebook.pom.pages.ProfilePage.takeScreenShot(ProfilePage.java:28)
	at com.qtpselenium.facebook.pom.pages.ProfilePage.takeScreenShot(ProfilePage.java:28)
	at com.qtpselenium.facebook.pom.pages.ProfilePage.takeScreenShot(ProfilePage.java:28)
	at com.qtpselenium.facebook.pom.pages.ProfilePage.takeScreenShot(ProfilePage.java:28)
	at com.qtpselenium.facebook.pom.pages.ProfilePage.takeScreenShot(ProfilePage.java:28)
	at com.qtpselenium.facebook.pom.pages.ProfilePage.takeScreenShot(ProfilePage.java:28)
	at com.qtpselenium.facebook.pom.pages.ProfilePage.takeScreenShot(ProfilePage.java:28)
	at com.qtpselenium.facebook.pom.pages.ProfilePage.takeScreenShot(ProfilePage.java:28)
	at com.qtpselenium.facebook.pom.pages.ProfilePage.takeScreenShot(ProfilePage.java:28)
	at com.qtpselenium.facebook.pom.pages.ProfilePage.takeScreenShot(ProfilePage.java:28)
	at com.qtpselenium.facebook.pom.pages.ProfilePage.takeScreenShot(ProfilePage.java:28)
	at com.qtpselenium.facebook.pom.pages.ProfilePage.takeScreenShot(ProfilePage.java:28)
	at com.qtpselenium.facebook.pom.pages.ProfilePage.takeScreenShot(ProfilePage.java:28)
	at com.qtpselenium.facebook.pom.pages.ProfilePage.takeScreenShot(ProfilePage.java:28)
	at com.qtpselenium.facebook.pom.pages.ProfilePage.takeScreenShot(ProfilePage.java:28)
	at com.qtpselenium.facebook.pom.pages.ProfilePage.takeScreenShot(ProfilePage.java:28)
	at com.qtpselenium.facebook.pom.pages.ProfilePage.takeScreenShot(ProfilePage.java:28)
	at com.qtpselenium.facebook.pom.pages.ProfilePage.takeScreenShot(ProfilePage.java:28)
	at com.qtpselenium.facebook.pom.pages.ProfilePage.takeScreenShot(ProfilePage.java:28)
	at com.qtpselenium.facebook.pom.pages.ProfilePage.takeScreenShot(ProfilePage.java:28)
	at com.qtpselenium.facebook.pom.pages.ProfilePage.takeScreenShot(ProfilePage.java:28)
	at com.qtpselenium.facebook.pom.pages.ProfilePage.takeScreenShot(ProfilePage.java:28)
	at com.qtpselenium.facebook.pom.pages.ProfilePage.takeScreenShot(ProfilePage.java:28)
	at com.qtpselenium.facebook.pom.pages.ProfilePage.takeScreenShot(ProfilePage.java:28)
	at com.qtpselenium.facebook.pom.pages.ProfilePage.takeScreenShot(ProfilePage.java:28)
	at com.qtpselenium.facebook.pom.pages.ProfilePage.takeScreenShot(ProfilePage.java:28)
	at com.qtpselenium.facebook.pom.pages.ProfilePage.takeScreenShot(ProfilePage.java:28)
	at com.qtpselenium.facebook.pom.pages.ProfilePage.takeScreenShot(ProfilePage.java:28)
	at com.qtpselenium.facebook.pom.pages.ProfilePage.takeScreenShot(ProfilePage.java:28)
	at com.qtpselenium.facebook.pom.pages.ProfilePage.takeScreenShot(ProfilePage.java:28)
	at com.qtpselenium.facebook.pom.pages.ProfilePage.takeScreenShot(ProfilePage.java:28)
	at com.qtpselenium.facebook.pom.pages.ProfilePage.takeScreenShot(ProfilePage.java:28)
	at com.qtpselenium.facebook.pom.pages.ProfilePage.takeScreenShot(ProfilePage.java:28)
	at com.qtpselenium.facebook.pom.pages.ProfilePage.takeScreenShot(ProfilePage.java:28)
	at com.qtpselenium.facebook.pom.pages.ProfilePage.takeScreenShot(ProfilePage.java:28)
	at com.qtpselenium.facebook.pom.pages.ProfilePage.takeScreenShot(ProfilePage.java:28)
	at com.qtpselenium.facebook.pom.pages.ProfilePage.takeScreenShot(ProfilePage.java:28)
	at com.qtpselenium.facebook.pom.pages.ProfilePage.takeScreenShot(ProfilePage.java:28)
	at com.qtpselenium.facebook.pom.pages.ProfilePage.takeScreenShot(ProfilePage.java:28)
	at com.qtpselenium.facebook.pom.pages.ProfilePage.takeScreenShot(ProfilePage.java:28)
	at com.qtpselenium.facebook.pom.pages.ProfilePage.takeScreenShot(ProfilePage.java:28)
	at com.qtpselenium.facebook.pom.pages.ProfilePage.takeScreenShot(ProfilePage.java:28)
	at com.qtpselenium.facebook.pom.pages.ProfilePage.takeScreenShot(ProfilePage.java:28)
	at com.qtpselenium.facebook.pom.pages.ProfilePage.takeScreenShot(ProfilePage.java:28)
	at com.qtpselenium.facebook.pom.pages.ProfilePage.takeScreenShot(ProfilePage.java:28)
	at com.qtpselenium.facebook.pom.pages.ProfilePage.takeScreenShot(ProfilePage.java:28)
	at com.qtpselenium.facebook.pom.pages.ProfilePage.takeScreenShot(ProfilePage.java:28)
	at com.qtpselenium.facebook.pom.pages.ProfilePage.takeScreenShot(ProfilePage.java:28)
	at com.qtpselenium.facebook.pom.pages.ProfilePage.takeScreenShot(ProfilePage.java:28)
	at com.qtpselenium.facebook.pom.pages.ProfilePage.takeScreenShot(ProfilePage.java:28)
	at com.qtpselenium.facebook.pom.pages.ProfilePage.takeScreenShot(ProfilePage.java:28)
	at com.qtpselenium.facebook.pom.pages.ProfilePage.takeScreenShot(ProfilePage.java:28)
	at com.qtpselenium.facebook.pom.pages.ProfilePage.takeScreenShot(ProfilePage.java:28)
	at com.qtpselenium.facebook.pom.pages.ProfilePage.takeScreenShot(ProfilePage.java:28)
	at com.qtpselenium.facebook.pom.pages.ProfilePage.takeScreenShot(ProfilePage.java:28)
	at com.qtpselenium.facebook.pom.pages.ProfilePage.takeScreenShot(ProfilePage.java:28)
	at com.qtpselenium.facebook.pom.pages.ProfilePage.takeScreenShot(ProfilePage.java:28)
	at com.qtpselenium.facebook.pom.pages.ProfilePage.takeScreenShot(ProfilePage.java:28)
	at com.qtpselenium.facebook.pom.pages.ProfilePage.takeScreenShot(ProfilePage.java:28)
	at com.qtpselenium.facebook.pom.pages.ProfilePage.takeScreenShot(ProfilePage.java:28)
	at com.qtpselenium.facebook.pom.pages.ProfilePage.takeScreenShot(ProfilePage.java:28)
	at com.qtpselenium.facebook.pom.pages.ProfilePage.takeScreenShot(ProfilePage.java:28)
	at com.qtpselenium.facebook.pom.pages.ProfilePage.takeScreenShot(ProfilePage.java:28)
	at com.qtpselenium.facebook.pom.pages.ProfilePage.takeScreenShot(ProfilePage.java:28)
	at com.qtpselenium.facebook.pom.pages.ProfilePage.takeScreenShot(ProfilePage.java:28)
	at com.qtpselenium.facebook.pom.pages.ProfilePage.takeScreenShot(ProfilePage.java:28)
	at com.qtpselenium.facebook.pom.pages.ProfilePage.takeScreenShot(ProfilePage.java:28)
	at com.qtpselenium.facebook.pom.pages.ProfilePage.takeScreenShot(ProfilePage.java:28)
	at com.qtpselenium.facebook.pom.pages.ProfilePage.takeScreenShot(ProfilePage.java:28)
	at com.qtpselenium.facebook.pom.pages.ProfilePage.takeScreenShot(ProfilePage.java:28)
	at com.qtpselenium.facebook.pom.pages.ProfilePage.takeScreenShot(ProfilePage.java:28)
	at com.qtpselenium.facebook.pom.pages.ProfilePage.takeScreenShot(ProfilePage.java:28)
	at com.qtpselenium.facebook.pom.pages.ProfilePage.takeScreenShot(ProfilePage.java:28)
	at com.qtpselenium.facebook.pom.pages.ProfilePage.takeScreenShot(ProfilePage.java:28)
	at com.qtpselenium.facebook.pom.pages.ProfilePage.takeScreenShot(ProfilePage.java:28)
	at com.qtpselenium.facebook.pom.pages.ProfilePage.takeScreenShot(ProfilePage.java:28)
	at com.qtpselenium.facebook.pom.pages.ProfilePage.takeScreenShot(ProfilePage.java:28)
	at com.qtpselenium.facebook.pom.pages.ProfilePage.takeScreenShot(ProfilePage.java:28)
	at com.qtpselenium.facebook.pom.pages.ProfilePage.takeScreenShot(ProfilePage.java:28)
	at com.qtpselenium.facebook.pom.pages.ProfilePage.takeScreenShot(ProfilePage.java:28)
	at com.qtpselenium.facebook.pom.pages.ProfilePage.takeScreenShot(ProfilePage.java:28)
	at com.qtpselenium.facebook.pom.pages.ProfilePage.takeScreenShot(ProfilePage.java:28)
	at com.qtpselenium.facebook.pom.pages.ProfilePage.takeScreenShot(ProfilePage.java:28)
	at com.qtpselenium.facebook.pom.pages.ProfilePage.takeScreenShot(ProfilePage.java:28)
	at com.qtpselenium.facebook.pom.pages.ProfilePage.takeScreenShot(ProfilePage.java:28)
	at com.qtpselenium.facebook.pom.pages.ProfilePage.takeScreenShot(ProfilePage.java:28)
	at com.qtpselenium.facebook.pom.pages.ProfilePage.takeScreenShot(ProfilePage.java:28)
	at com.qtpselenium.facebook.pom.pages.ProfilePage.takeScreenShot(ProfilePage.java:28)
	at com.qtpselenium.facebook.pom.pages.ProfilePage.takeScreenShot(ProfilePage.java:28)
	at com.qtpselenium.facebook.pom.pages.ProfilePage.takeScreenShot(ProfilePage.java:28)
	at com.qtpselenium.facebook.pom.pages.ProfilePage.takeScreenShot(ProfilePage.java:28)
	at com.qtpselenium.facebook.pom.pages.ProfilePage.takeScreenShot(ProfilePage.java:28)
	at com.qtpselenium.facebook.pom.pages.ProfilePage.takeScreenShot(ProfilePage.java:28)
	at com.qtpselenium.facebook.pom.pages.ProfilePage.takeScreenShot(ProfilePage.java:28)
	at com.qtpselenium.facebook.pom.pages.ProfilePage.takeScreenShot(ProfilePage.java:28)
	at com.qtpselenium.facebook.pom.pages.ProfilePage.takeScreenShot(ProfilePage.java:28)
	at com.qtpselenium.facebook.pom.pages.ProfilePage.takeScreenShot(ProfilePage.java:28)
	at com.qtpselenium.facebook.pom.pages.ProfilePage.takeScreenShot(ProfilePage.java:28)
	at com.qtpselenium.facebook.pom.pages.ProfilePage.takeScreenShot(ProfilePage.java:28)
	at com.qtpselenium.facebook.pom.pages.ProfilePage.takeScreenShot(ProfilePage.java:28)
	at com.qtpselenium.facebook.pom.pages.ProfilePage.takeScreenShot(ProfilePage.java:28)
	at com.qtpselenium.facebook.pom.pages.ProfilePage.takeScreenShot(ProfilePage.java:28)
	at com.qtpselenium.facebook.pom.pages.ProfilePage.takeScreenShot(ProfilePage.java:28)
	at com.qtpselenium.facebook.pom.pages.ProfilePage.takeScreenShot(ProfilePage.java:28)
	at com.qtpselenium.facebook.pom.pages.ProfilePage.takeScreenShot(ProfilePage.java:28)
	at com.qtpselenium.facebook.pom.pages.ProfilePage.takeScreenShot(ProfilePage.java:28)
	at com.qtpselenium.facebook.pom.pages.ProfilePage.takeScreenShot(ProfilePage.java:28)
	at com.qtpselenium.facebook.pom.pages.ProfilePage.takeScreenShot(ProfilePage.java:28)
	at com.qtpselenium.facebook.pom.pages.ProfilePage.takeScreenShot(ProfilePage.java:28)
	at com.qtpselenium.facebook.pom.pages.ProfilePage.takeScreenShot(ProfilePage.java:28)
	at com.qtpselenium.facebook.pom.pages.ProfilePage.takeScreenShot(ProfilePage.java:28)
	at com.qtpselenium.facebook.pom.pages.ProfilePage.takeScreenShot(ProfilePage.java:28)
	at com.qtpselenium.facebook.pom.pages.ProfilePage.takeScreenShot(ProfilePage.java:28)
	at com.qtpselenium.facebook.pom.pages.ProfilePage.takeScreenShot(ProfilePage.java:28)
	at com.qtpselenium.facebook.pom.pages.ProfilePage.takeScreenShot(ProfilePage.java:28)
	at com.qtpselenium.facebook.pom.pages.ProfilePage.takeScreenShot(ProfilePage.java:28)
	at com.qtpselenium.facebook.pom.pages.ProfilePage.takeScreenShot(ProfilePage.java:28)
	at com.qtpselenium.facebook.pom.pages.ProfilePage.takeScreenShot(ProfilePage.java:28)
	at com.qtpselenium.facebook.pom.pages.ProfilePage.takeScreenShot(ProfilePage.java:28)
	at com.qtpselenium.facebook.pom.pages.ProfilePage.takeScreenShot(ProfilePage.java:28)
	at com.qtpselenium.facebook.pom.pages.ProfilePage.takeScreenShot(ProfilePage.java:28)
	at com.qtpselenium.facebook.pom.pages.ProfilePage.takeScreenShot(ProfilePage.java:28)
	at com.qtpselenium.facebook.pom.pages.ProfilePage.takeScreenShot(ProfilePage.java:28)
	at com.qtpselenium.facebook.pom.pages.ProfilePage.takeScreenShot(ProfilePage.java:28)
	at com.qtpselenium.facebook.pom.pages.ProfilePage.takeScreenShot(ProfilePage.java:28)
	at com.qtpselenium.facebook.pom.pages.ProfilePage.takeScreenShot(ProfilePage.java:28)
	at com.qtpselenium.facebook.pom.pages.ProfilePage.takeScreenShot(ProfilePage.java:28)
	at com.qtpselenium.facebook.pom.pages.ProfilePage.takeScreenShot(ProfilePage.java:28)
	at com.qtpselenium.facebook.pom.pages.ProfilePage.takeScreenShot(ProfilePage.java:28)
	at com.qtpselenium.facebook.pom.pages.ProfilePage.takeScreenShot(ProfilePage.java:28)
	at com.qtpselenium.facebook.pom.pages.ProfilePage.takeScreenShot(ProfilePage.java:28)
	at com.qtpselenium.facebook.pom.pages.ProfilePage.takeScreenShot(ProfilePage.java:28)
	at com.qtpselenium.facebook.pom.pages.ProfilePage.takeScreenShot(ProfilePage.java:28)
	at com.qtpselenium.facebook.pom.pages.ProfilePage.takeScreenShot(ProfilePage.java:28)
	at com.qtpselenium.facebook.pom.pages.ProfilePage.takeScreenShot(ProfilePage.java:28)
	at com.qtpselenium.facebook.pom.pages.ProfilePage.takeScreenShot(ProfilePage.java:28)
	at com.qtpselenium.facebook.pom.pages.ProfilePage.takeScreenShot(ProfilePage.java:28)
	at com.qtpselenium.facebook.pom.pages.ProfilePage.takeScreenShot(ProfilePage.java:28)
	at com.qtpselenium.facebook.pom.pages.ProfilePage.takeScreenShot(ProfilePage.java:28)
	at com.qtpselenium.facebook.pom.pages.ProfilePage.takeScreenShot(ProfilePage.java:28)
	at com.qtpselenium.facebook.pom.pages.ProfilePage.takeScreenShot(ProfilePage.java:28)
	at com.qtpselenium.facebook.pom.pages.ProfilePage.takeScreenShot(ProfilePage.java:28)
	at com.qtpselenium.facebook.pom.pages.ProfilePage.takeScreenShot(ProfilePage.java:28)
	at com.qtpselenium.facebook.pom.pages.ProfilePage.takeScreenShot(ProfilePage.java:28)
	at com.qtpselenium.facebook.pom.pages.ProfilePage.takeScreenShot(ProfilePage.java:28)
	at com.qtpselenium.facebook.pom.pages.ProfilePage.takeScreenShot(ProfilePage.java:28)
	at com.qtpselenium.facebook.pom.pages.ProfilePage.takeScreenShot(ProfilePage.java:28)
	at com.qtpselenium.facebook.pom.pages.ProfilePage.takeScreenShot(ProfilePage.java:28)
	at com.qtpselenium.facebook.pom.pages.ProfilePage.takeScreenShot(ProfilePage.java:28)
	at com.qtpselenium.facebook.pom.pages.ProfilePage.takeScreenShot(ProfilePage.java:28)
	at com.qtpselenium.facebook.pom.pages.ProfilePage.takeScreenShot(ProfilePage.java:28)
	at com.qtpselenium.facebook.pom.pages.ProfilePage.takeScreenShot(ProfilePage.java:28)
	at com.qtpselenium.facebook.pom.pages.ProfilePage.takeScreenShot(ProfilePage.java:28)
	at com.qtpselenium.facebook.pom.pages.ProfilePage.takeScreenShot(ProfilePage.java:28)
	at com.qtpselenium.facebook.pom.pages.ProfilePage.takeScreenShot(ProfilePage.java:28)
	at com.qtpselenium.facebook.pom.pages.ProfilePage.takeScreenShot(ProfilePage.java:28)
	at com.qtpselenium.facebook.pom.pages.ProfilePage.takeScreenShot(ProfilePage.java:28)
	at com.qtpselenium.facebook.pom.pages.ProfilePage.takeScreenShot(ProfilePage.java:28)
	at com.qtpselenium.facebook.pom.pages.ProfilePage.takeScreenShot(ProfilePage.java:28)
	at com.qtpselenium.facebook.pom.pages.ProfilePage.takeScreenShot(ProfilePage.java:28)
	at com.qtpselenium.facebook.pom.pages.ProfilePage.takeScreenShot(ProfilePage.java:28)
	at com.qtpselenium.facebook.pom.pages.ProfilePage.takeScreenShot(ProfilePage.java:28)
	at com.qtpselenium.facebook.pom.pages.ProfilePage.takeScreenShot(ProfilePage.java:28)
	at com.qtpselenium.facebook.pom.pages.ProfilePage.takeScreenShot(ProfilePage.java:28)
	at com.qtpselenium.facebook.pom.pages.ProfilePage.takeScreenShot(ProfilePage.java:28)
	at com.qtpselenium.facebook.pom.pages.ProfilePage.takeScreenShot(ProfilePage.java:28)
	at com.qtpselenium.facebook.pom.pages.ProfilePage.takeScreenShot(ProfilePage.java:28)
	at com.qtpselenium.facebook.pom.pages.ProfilePage.takeScreenShot(ProfilePage.java:28)
	at com.qtpselenium.facebook.pom.pages.ProfilePage.takeScreenShot(ProfilePage.java:28)
	at com.qtpselenium.facebook.pom.pages.ProfilePage.takeScreenShot(ProfilePage.java:28)
	at com.qtpselenium.facebook.pom.pages.ProfilePage.takeScreenShot(ProfilePage.java:28)
	at com.qtpselenium.facebook.pom.pages.ProfilePage.takeScreenShot(ProfilePage.java:28)
	at com.qtpselenium.facebook.pom.pages.ProfilePage.takeScreenShot(ProfilePage.java:28)
	at com.qtpselenium.facebook.pom.pages.ProfilePage.takeScreenShot(ProfilePage.java:28)
	at com.qtpselenium.facebook.pom.pages.ProfilePage.takeScreenShot(ProfilePage.java:28)
	at com.qtpselenium.facebook.pom.pages.ProfilePage.takeScreenShot(ProfilePage.java:28)
	at com.qtpselenium.facebook.pom.pages.ProfilePage.takeScreenShot(ProfilePage.java:28)
	at com.qtpselenium.facebook.pom.pages.ProfilePage.takeScreenShot(ProfilePage.java:28)
	at com.qtpselenium.facebook.pom.pages.ProfilePage.takeScreenShot(ProfilePage.java:28)
	at com.qtpselenium.facebook.pom.pages.ProfilePage.takeScreenShot(ProfilePage.java:28)
	at com.qtpselenium.facebook.pom.pages.ProfilePage.takeScreenShot(ProfilePage.java:28)
	at com.qtpselenium.facebook.pom.pages.ProfilePage.takeScreenShot(ProfilePage.java:28)
	at com.qtpselenium.facebook.pom.pages.ProfilePage.takeScreenShot(ProfilePage.java:28)
	at com.qtpselenium.facebook.pom.pages.ProfilePage.takeScreenShot(ProfilePage.java:28)
	at com.qtpselenium.facebook.pom.pages.ProfilePage.takeScreenShot(ProfilePage.java:28)
	at com.qtpselenium.facebook.pom.pages.ProfilePage.takeScreenShot(ProfilePage.java:28)
	at com.qtpselenium.facebook.pom.pages.ProfilePage.takeScreenShot(ProfilePage.java:28)
	at com.qtpselenium.facebook.pom.pages.ProfilePage.takeScreenShot(ProfilePage.java:28)
	at com.qtpselenium.facebook.pom.pages.ProfilePage.takeScreenShot(ProfilePage.java:28)
	at com.qtpselenium.facebook.pom.pages.ProfilePage.takeScreenShot(ProfilePage.java:28)
	at com.qtpselenium.facebook.pom.pages.ProfilePage.takeScreenShot(ProfilePage.java:28)
	at com.qtpselenium.facebook.pom.pages.ProfilePage.takeScreenShot(ProfilePage.java:28)
	at com.qtpselenium.facebook.pom.pages.ProfilePage.takeScreenShot(ProfilePage.java:28)
	at com.qtpselenium.facebook.pom.pages.ProfilePage.takeScreenShot(ProfilePage.java:28)
	at com.qtpselenium.facebook.pom.pages.ProfilePage.takeScreenShot(ProfilePage.java:28)
	at com.qtpselenium.facebook.pom.pages.ProfilePage.takeScreenShot(ProfilePage.java:28)
	at com.qtpselenium.facebook.pom.pages.ProfilePage.takeScreenShot(ProfilePage.java:28)
	at com.qtpselenium.facebook.pom.pages.ProfilePage.takeScreenShot(ProfilePage.java:28)
	at com.qtpselenium.facebook.pom.pages.ProfilePage.takeScreenShot(ProfilePage.java:28)
	at com.qtpselenium.facebook.pom.pages.ProfilePage.takeScreenShot(ProfilePage.java:28)
	at com.qtpselenium.facebook.pom.pages.ProfilePage.takeScreenShot(ProfilePage.java:28)
	at com.qtpselenium.facebook.pom.pages.ProfilePage.takeScreenShot(ProfilePage.java:28)
	at com.qtpselenium.facebook.pom.pages.ProfilePage.takeScreenShot(ProfilePage.java:28)
	at com.qtpselenium.facebook.pom.pages.ProfilePage.takeScreenShot(ProfilePage.java:28)
	at com.qtpselenium.facebook.pom.pages.ProfilePage.takeScreenShot(ProfilePage.java:28)
	at com.qtpselenium.facebook.pom.pages.ProfilePage.takeScreenShot(ProfilePage.java:28)
	at com.qtpselenium.facebook.pom.pages.ProfilePage.takeScreenShot(ProfilePage.java:28)
	at com.qtpselenium.facebook.pom.pages.ProfilePage.takeScreenShot(ProfilePage.java:28)
	at com.qtpselenium.facebook.pom.pages.ProfilePage.takeScreenShot(ProfilePage.java:28)
	at com.qtpselenium.facebook.pom.pages.ProfilePage.takeScreenShot(ProfilePage.java:28)
	at com.qtpselenium.facebook.pom.pages.ProfilePage.takeScreenShot(ProfilePage.java:28)
	at com.qtpselenium.facebook.pom.pages.ProfilePage.takeScreenShot(ProfilePage.java:28)
	at com.qtpselenium.facebook.pom.pages.ProfilePage.takeScreenShot(ProfilePage.java:28)
	at com.qtpselenium.facebook.pom.pages.ProfilePage.takeScreenShot(ProfilePage.java:28)
	at com.qtpselenium.facebook.pom.pages.ProfilePage.takeScreenShot(ProfilePage.java:28)
	at com.qtpselenium.facebook.pom.pages.ProfilePage.takeScreenShot(ProfilePage.java:28)
	at com.qtpselenium.facebook.pom.pages.ProfilePage.takeScreenShot(ProfilePage.java:28)
	at com.qtpselenium.facebook.pom.pages.ProfilePage.takeScreenShot(ProfilePage.java:28)
	at com.qtpselenium.facebook.pom.pages.ProfilePage.takeScreenShot(ProfilePage.java:28)
	at com.qtpselenium.facebook.pom.pages.ProfilePage.takeScreenShot(ProfilePage.java:28)
	at com.qtpselenium.facebook.pom.pages.ProfilePage.takeScreenShot(ProfilePage.java:28)
	at com.qtpselenium.facebook.pom.pages.ProfilePage.takeScreenShot(ProfilePage.java:28)
	at com.qtpselenium.facebook.pom.pages.ProfilePage.takeScreenShot(ProfilePage.java:28)
	at com.qtpselenium.facebook.pom.pages.ProfilePage.takeScreenShot(ProfilePage.java:28)
	at com.qtpselenium.facebook.pom.pages.ProfilePage.takeScreenShot(ProfilePage.java:28)
	at com.qtpselenium.facebook.pom.pages.ProfilePage.takeScreenShot(ProfilePage.java:28)
	at com.qtpselenium.facebook.pom.pages.ProfilePage.takeScreenShot(ProfilePage.java:28)
	at com.qtpselenium.facebook.pom.pages.ProfilePage.takeScreenShot(ProfilePage.java:28)
	at com.qtpselenium.facebook.pom.pages.ProfilePage.takeScreenShot(ProfilePage.java:28)
	at com.qtpselenium.facebook.pom.pages.ProfilePage.takeScreenShot(ProfilePage.java:28)
	at com.qtpselenium.facebook.pom.pages.ProfilePage.takeScreenShot(ProfilePage.java:28)
	at com.qtpselenium.facebook.pom.pages.ProfilePage.takeScreenShot(ProfilePage.java:28)
	at com.qtpselenium.facebook.pom.pages.ProfilePage.takeScreenShot(ProfilePage.java:28)
	at com.qtpselenium.facebook.pom.pages.ProfilePage.takeScreenShot(ProfilePage.java:28)
	at com.qtpselenium.facebook.pom.pages.ProfilePage.takeScreenShot(ProfilePage.java:28)
	at com.qtpselenium.facebook.pom.pages.ProfilePage.takeScreenShot(ProfilePage.java:28)
	at com.qtpselenium.facebook.pom.pages.ProfilePage.takeScreenShot(ProfilePage.java:28)
	at com.qtpselenium.facebook.pom.pages.ProfilePage.takeScreenShot(ProfilePage.java:28)
	at com.qtpselenium.facebook.pom.pages.ProfilePage.takeScreenShot(ProfilePage.java:28)
	at com.qtpselenium.facebook.pom.pages.ProfilePage.takeScreenShot(ProfilePage.java:28)
	at com.qtpselenium.facebook.pom.pages.ProfilePage.takeScreenShot(ProfilePage.java:28)
	at com.qtpselenium.facebook.pom.pages.ProfilePage.takeScreenShot(ProfilePage.java:28)
	at com.qtpselenium.facebook.pom.pages.ProfilePage.takeScreenShot(ProfilePage.java:28)
	at com.qtpselenium.facebook.pom.pages.ProfilePage.takeScreenShot(ProfilePage.java:28)
	at com.qtpselenium.facebook.pom.pages.ProfilePage.takeScreenShot(ProfilePage.java:28)
	at com.qtpselenium.facebook.pom.pages.ProfilePage.takeScreenShot(ProfilePage.java:28)
	at com.qtpselenium.facebook.pom.pages.ProfilePage.takeScreenShot(ProfilePage.java:28)
	at com.qtpselenium.facebook.pom.pages.ProfilePage.takeScreenShot(ProfilePage.java:28)
	at com.qtpselenium.facebook.pom.pages.ProfilePage.takeScreenShot(ProfilePage.java:28)
	at com.qtpselenium.facebook.pom.pages.ProfilePage.takeScreenShot(ProfilePage.java:28)
	at com.qtpselenium.facebook.pom.pages.ProfilePage.takeScreenShot(ProfilePage.java:28)
	at com.qtpselenium.facebook.pom.pages.ProfilePage.takeScreenShot(ProfilePage.java:28)
	at com.qtpselenium.facebook.pom.pages.ProfilePage.takeScreenShot(ProfilePage.java:28)
	at com.qtpselenium.facebook.pom.pages.ProfilePage.takeScreenShot(ProfilePage.java:28)
	at com.qtpselenium.facebook.pom.pages.ProfilePage.takeScreenShot(ProfilePage.java:28)
	at com.qtpselenium.facebook.pom.pages.ProfilePage.takeScreenShot(ProfilePage.java:28)
	at com.qtpselenium.facebook.pom.pages.ProfilePage.takeScreenShot(ProfilePage.java:28)
	at com.qtpselenium.facebook.pom.pages.ProfilePage.takeScreenShot(ProfilePage.java:28)
	at com.qtpselenium.facebook.pom.pages.ProfilePage.takeScreenShot(ProfilePage.java:28)
	at com.qtpselenium.facebook.pom.pages.ProfilePage.takeScreenShot(ProfilePage.java:28)
	at com.qtpselenium.facebook.pom.pages.ProfilePage.takeScreenShot(ProfilePage.java:28)
	at com.qtpselenium.facebook.pom.pages.ProfilePage.takeScreenShot(ProfilePage.java:28)
	at com.qtpselenium.facebook.pom.pages.ProfilePage.takeScreenShot(ProfilePage.java:28)
	at com.qtpselenium.facebook.pom.pages.ProfilePage.takeScreenShot(ProfilePage.java:28)
	at com.qtpselenium.facebook.pom.pages.ProfilePage.takeScreenShot(ProfilePage.java:28)
	at com.qtpselenium.facebook.pom.pages.ProfilePage.takeScreenShot(ProfilePage.java:28)
	at com.qtpselenium.facebook.pom.pages.ProfilePage.takeScreenShot(ProfilePage.java:28)
	at com.qtpselenium.facebook.pom.pages.ProfilePage.takeScreenShot(ProfilePage.java:28)
	at com.qtpselenium.facebook.pom.pages.ProfilePage.takeScreenShot(ProfilePage.java:28)
	at com.qtpselenium.facebook.pom.pages.ProfilePage.takeScreenShot(ProfilePage.java:28)
	at com.qtpselenium.facebook.pom.pages.ProfilePage.takeScreenShot(ProfilePage.java:28)
	at com.qtpselenium.facebook.pom.pages.ProfilePage.takeScreenShot(ProfilePage.java:28)
	at com.qtpselenium.facebook.pom.pages.ProfilePage.takeScreenShot(ProfilePage.java:28)
	at com.qtpselenium.facebook.pom.pages.ProfilePage.takeScreenShot(ProfilePage.java:28)
	at com.qtpselenium.facebook.pom.pages.ProfilePage.takeScreenShot(ProfilePage.java:28)
	at com.qtpselenium.facebook.pom.pages.ProfilePage.takeScreenShot(ProfilePage.java:28)
	at com.qtpselenium.facebook.pom.pages.ProfilePage.takeScreenShot(ProfilePage.java:28)
	at com.qtpselenium.facebook.pom.pages.ProfilePage.takeScreenShot(ProfilePage.java:28)
	at com.qtpselenium.facebook.pom.pages.ProfilePage.takeScreenShot(ProfilePage.java:28)
	at com.qtpselenium.facebook.pom.pages.ProfilePage.takeScreenShot(ProfilePage.java:28)
	at com.qtpselenium.facebook.pom.pages.ProfilePage.takeScreenShot(ProfilePage.java:28)
	at com.qtpselenium.facebook.pom.pages.ProfilePage.takeScreenShot(ProfilePage.java:28)
	at com.qtpselenium.facebook.pom.pages.ProfilePage.takeScreenShot(ProfilePage.java:28)
	at com.qtpselenium.facebook.pom.pages.ProfilePage.takeScreenShot(ProfilePage.java:28)
	at com.qtpselenium.facebook.pom.pages.ProfilePage.takeScreenShot(ProfilePage.java:28)
	at com.qtpselenium.facebook.pom.pages.ProfilePage.takeScreenShot(ProfilePage.java:28)
	at com.qtpselenium.facebook.pom.pages.ProfilePage.takeScreenShot(ProfilePage.java:28)
	at com.qtpselenium.facebook.pom.pages.ProfilePage.takeScreenShot(ProfilePage.java:28)
	at com.qtpselenium.facebook.pom.pages.ProfilePage.takeScreenShot(ProfilePage.java:28)
	at com.qtpselenium.facebook.pom.pages.ProfilePage.takeScreenShot(ProfilePage.java:28)
	at com.qtpselenium.facebook.pom.pages.ProfilePage.takeScreenShot(ProfilePage.java:28)
	at com.qtpselenium.facebook.pom.pages.ProfilePage.takeScreenShot(ProfilePage.java:28)
	at com.qtpselenium.facebook.pom.pages.ProfilePage.takeScreenShot(ProfilePage.java:28)
	at com.qtpselenium.facebook.pom.pages.ProfilePage.takeScreenShot(ProfilePage.java:28)
	at com.qtpselenium.facebook.pom.pages.ProfilePage.takeScreenShot(ProfilePage.java:28)
	at com.qtpselenium.facebook.pom.pages.ProfilePage.takeScreenShot(ProfilePage.java:28)
	at com.qtpselenium.facebook.pom.pages.ProfilePage.takeScreenShot(ProfilePage.java:28)
	at com.qtpselenium.facebook.pom.pages.ProfilePage.takeScreenShot(ProfilePage.java:28)
	at com.qtpselenium.facebook.pom.pages.ProfilePage.takeScreenShot(ProfilePage.java:28)
	at com.qtpselenium.facebook.pom.pages.ProfilePage.takeScreenShot(ProfilePage.java:28)
	at com.qtpselenium.facebook.pom.pages.ProfilePage.takeScreenShot(ProfilePage.java:28)
	at com.qtpselenium.facebook.pom.pages.ProfilePage.takeScreenShot(ProfilePage.java:28)
	at com.qtpselenium.facebook.pom.pages.ProfilePage.takeScreenShot(ProfilePage.java:28)
	at com.qtpselenium.facebook.pom.pages.ProfilePage.takeScreenShot(ProfilePage.java:28)
	at com.qtpselenium.facebook.pom.pages.ProfilePage.takeScreenShot(ProfilePage.java:28)
	at com.qtpselenium.facebook.pom.pages.ProfilePage.takeScreenShot(ProfilePage.java:28)
	at com.qtpselenium.facebook.pom.pages.ProfilePage.takeScreenShot(ProfilePage.java:28)
	at com.qtpselenium.facebook.pom.pages.ProfilePage.takeScreenShot(ProfilePage.java:28)
	at com.qtpselenium.facebook.pom.pages.ProfilePage.takeScreenShot(ProfilePage.java:28)
	at com.qtpselenium.facebook.pom.pages.ProfilePage.takeScreenShot(ProfilePage.java:28)
	at com.qtpselenium.facebook.pom.pages.ProfilePage.takeScreenShot(ProfilePage.java:28)
	at com.qtpselenium.facebook.pom.pages.ProfilePage.takeScreenShot(ProfilePage.java:28)
	at com.qtpselenium.facebook.pom.pages.ProfilePage.takeScreenShot(ProfilePage.java:28)
	at com.qtpselenium.facebook.pom.pages.ProfilePage.takeScreenShot(ProfilePage.java:28)
	at com.qtpselenium.facebook.pom.pages.ProfilePage.takeScreenShot(ProfilePage.java:28)
	at com.qtpselenium.facebook.pom.pages.ProfilePage.takeScreenShot(ProfilePage.java:28)
	at com.qtpselenium.facebook.pom.pages.ProfilePage.takeScreenShot(ProfilePage.java:28)
	at com.qtpselenium.facebook.pom.pages.ProfilePage.takeScreenShot(ProfilePage.java:28)
	at com.qtpselenium.facebook.pom.pages.ProfilePage.takeScreenShot(ProfilePage.java:28)
	at com.qtpselenium.facebook.pom.pages.ProfilePage.takeScreenShot(ProfilePage.java:28)
	at com.qtpselenium.facebook.pom.pages.ProfilePage.takeScreenShot(ProfilePage.java:28)
	at com.qtpselenium.facebook.pom.pages.ProfilePage.takeScreenShot(ProfilePage.java:28)
	at com.qtpselenium.facebook.pom.pages.ProfilePage.takeScreenShot(ProfilePage.java:28)
	at com.qtpselenium.facebook.pom.pages.ProfilePage.takeScreenShot(ProfilePage.java:28)
	at com.qtpselenium.facebook.pom.pages.ProfilePage.takeScreenShot(ProfilePage.java:28)
	at com.qtpselenium.facebook.pom.pages.ProfilePage.takeScreenShot(ProfilePage.java:28)
	at com.qtpselenium.facebook.pom.pages.ProfilePage.takeScreenShot(ProfilePage.java:28)
	at com.qtpselenium.facebook.pom.pages.ProfilePage.takeScreenShot(ProfilePage.java:28)
	at com.qtpselenium.facebook.pom.pages.ProfilePage.takeScreenShot(ProfilePage.java:28)
	at com.qtpselenium.facebook.pom.pages.ProfilePage.takeScreenShot(ProfilePage.java:28)
	at com.qtpselenium.facebook.pom.pages.ProfilePage.takeScreenShot(ProfilePage.java:28)
	at com.qtpselenium.facebook.pom.pages.ProfilePage.takeScreenShot(ProfilePage.java:28)
	at com.qtpselenium.facebook.pom.pages.ProfilePage.takeScreenShot(ProfilePage.java:28)
	at com.qtpselenium.facebook.pom.pages.ProfilePage.takeScreenShot(ProfilePage.java:28)
	at com.qtpselenium.facebook.pom.pages.ProfilePage.takeScreenShot(ProfilePage.java:28)
	at com.qtpselenium.facebook.pom.pages.ProfilePage.takeScreenShot(ProfilePage.java:28)
	at com.qtpselenium.facebook.pom.pages.ProfilePage.takeScreenShot(ProfilePage.java:28)
	at com.qtpselenium.facebook.pom.pages.ProfilePage.takeScreenShot(ProfilePage.java:28)
	at com.qtpselenium.facebook.pom.pages.ProfilePage.takeScreenShot(ProfilePage.java:28)
	at com.qtpselenium.facebook.pom.pages.ProfilePage.takeScreenShot(ProfilePage.java:28)
	at com.qtpselenium.facebook.pom.pages.ProfilePage.takeScreenShot(ProfilePage.java:28)
	at com.qtpselenium.facebook.pom.pages.ProfilePage.takeScreenShot(ProfilePage.java:28)
	at com.qtpselenium.facebook.pom.pages.ProfilePage.takeScreenShot(ProfilePage.java:28)
	at com.qtpselenium.facebook.pom.pages.ProfilePage.takeScreenShot(ProfilePage.java:28)
	at com.qtpselenium.facebook.pom.pages.ProfilePage.takeScreenShot(ProfilePage.java:28)
	at com.qtpselenium.facebook.pom.pages.ProfilePage.takeScreenShot(ProfilePage.java:28)
	at com.qtpselenium.facebook.pom.pages.ProfilePage.takeScreenShot(ProfilePage.java:28)
	at com.qtpselenium.facebook.pom.pages.ProfilePage.takeScreenShot(ProfilePage.java:28)
	at com.qtpselenium.facebook.pom.pages.ProfilePage.takeScreenShot(ProfilePage.java:28)
	at com.qtpselenium.facebook.pom.pages.ProfilePage.takeScreenShot(ProfilePage.java:28)
	at com.qtpselenium.facebook.pom.pages.ProfilePage.takeScreenShot(ProfilePage.java:28)
	at com.qtpselenium.facebook.pom.pages.ProfilePage.takeScreenShot(ProfilePage.java:28)
	at com.qtpselenium.facebook.pom.pages.ProfilePage.takeScreenShot(ProfilePage.java:28)
	at com.qtpselenium.facebook.pom.pages.ProfilePage.takeScreenShot(ProfilePage.java:28)
	at com.qtpselenium.facebook.pom.pages.ProfilePage.takeScreenShot(ProfilePage.java:28)
	at com.qtpselenium.facebook.pom.pages.ProfilePage.takeScreenShot(ProfilePage.java:28)
	at com.qtpselenium.facebook.pom.pages.ProfilePage.takeScreenShot(ProfilePage.java:28)
	at com.qtpselenium.facebook.pom.pages.ProfilePage.takeScreenShot(ProfilePage.java:28)
	at com.qtpselenium.facebook.pom.pages.ProfilePage.takeScreenShot(ProfilePage.java:28)
	at com.qtpselenium.facebook.pom.pages.ProfilePage.takeScreenShot(ProfilePage.java:28)
	at com.qtpselenium.facebook.pom.pages.ProfilePage.takeScreenShot(ProfilePage.java:28)
	at com.qtpselenium.facebook.pom.pages.ProfilePage.takeScreenShot(ProfilePage.java:28)
	at com.qtpselenium.facebook.pom.pages.ProfilePage.takeScreenShot(ProfilePage.java:28)
	at com.qtpselenium.facebook.pom.pages.ProfilePage.takeScreenShot(ProfilePage.java:28)
	at com.qtpselenium.facebook.pom.pages.ProfilePage.takeScreenShot(ProfilePage.java:28)
	at com.qtpselenium.facebook.pom.pages.ProfilePage.takeScreenShot(ProfilePage.java:28)
	at com.qtpselenium.facebook.pom.pages.ProfilePage.takeScreenShot(ProfilePage.java:28)
	at com.qtpselenium.facebook.pom.pages.ProfilePage.takeScreenShot(ProfilePage.java:28)
	at com.qtpselenium.facebook.pom.pages.ProfilePage.takeScreenShot(ProfilePage.java:28)
	at com.qtpselenium.facebook.pom.pages.ProfilePage.takeScreenShot(ProfilePage.java:28)
	at com.qtpselenium.facebook.pom.pages.ProfilePage.takeScreenShot(ProfilePage.java:28)
	at com.qtpselenium.facebook.pom.pages.ProfilePage.takeScreenShot(ProfilePage.java:28)
	at com.qtpselenium.facebook.pom.pages.ProfilePage.takeScreenShot(ProfilePage.java:28)
	at com.qtpselenium.facebook.pom.pages.ProfilePage.takeScreenShot(ProfilePage.java:28)
	at com.qtpselenium.facebook.pom.pages.ProfilePage.takeScreenShot(ProfilePage.java:28)
	at com.qtpselenium.facebook.pom.pages.ProfilePage.takeScreenShot(ProfilePage.java:28)
	at com.qtpselenium.facebook.pom.pages.ProfilePage.takeScreenShot(ProfilePage.java:28)
	at com.qtpselenium.facebook.pom.pages.ProfilePage.takeScreenShot(ProfilePage.java:28)
	at com.qtpselenium.facebook.pom.pages.ProfilePage.takeScreenShot(ProfilePage.java:28)
	at com.qtpselenium.facebook.pom.pages.ProfilePage.takeScreenShot(ProfilePage.java:28)
	at com.qtpselenium.facebook.pom.pages.ProfilePage.takeScreenShot(ProfilePage.java:28)
	at com.qtpselenium.facebook.pom.pages.ProfilePage.takeScreenShot(ProfilePage.java:28)
	at com.qtpselenium.facebook.pom.pages.ProfilePage.takeScreenShot(ProfilePage.java:28)
	at com.qtpselenium.facebook.pom.pages.ProfilePage.takeScreenShot(ProfilePage.java:28)
	at com.qtpselenium.facebook.pom.pages.ProfilePage.takeScreenShot(ProfilePage.java:28)
	at com.qtpselenium.facebook.pom.pages.ProfilePage.takeScreenShot(ProfilePage.java:28)
	at com.qtpselenium.facebook.pom.pages.ProfilePage.takeScreenShot(ProfilePage.java:28)
	at com.qtpselenium.facebook.pom.pages.ProfilePage.takeScreenShot(ProfilePage.java:28)
	at com.qtpselenium.facebook.pom.pages.ProfilePage.takeScreenShot(ProfilePage.java:28)
	at com.qtpselenium.facebook.pom.pages.ProfilePage.takeScreenShot(ProfilePage.java:28)
	at com.qtpselenium.facebook.pom.pages.ProfilePage.takeScreenShot(ProfilePage.java:28)
	at com.qtpselenium.facebook.pom.pages.ProfilePage.takeScreenShot(ProfilePage.java:28)
	at com.qtpselenium.facebook.pom.pages.ProfilePage.takeScreenShot(ProfilePage.java:28)
	at com.qtpselenium.facebook.pom.pages.ProfilePage.takeScreenShot(ProfilePage.java:28)
	at com.qtpselenium.facebook.pom.pages.ProfilePage.takeScreenShot(ProfilePage.java:28)
	at com.qtpselenium.facebook.pom.pages.ProfilePage.takeScreenShot(ProfilePage.java:28)
	at com.qtpselenium.facebook.pom.pages.ProfilePage.takeScreenShot(ProfilePage.java:28)
	at com.qtpselenium.facebook.pom.pages.ProfilePage.takeScreenShot(ProfilePage.java:28)
	at com.qtpselenium.facebook.pom.pages.ProfilePage.takeScreenShot(ProfilePage.java:28)
	at com.qtpselenium.facebook.pom.pages.ProfilePage.takeScreenShot(ProfilePage.java:28)
	at com.qtpselenium.facebook.pom.pages.ProfilePage.takeScreenShot(ProfilePage.java:28)
	at com.qtpselenium.facebook.pom.pages.ProfilePage.takeScreenShot(ProfilePage.java:28)
	at com.qtpselenium.facebook.pom.pages.ProfilePage.takeScreenShot(ProfilePage.java:28)
	at com.qtpselenium.facebook.pom.pages.ProfilePage.takeScreenShot(ProfilePage.java:28)
	at com.qtpselenium.facebook.pom.pages.ProfilePage.takeScreenShot(ProfilePage.java:28)
	at com.qtpselenium.facebook.pom.pages.ProfilePage.takeScreenShot(ProfilePage.java:28)
	at com.qtpselenium.facebook.pom.pages.ProfilePage.takeScreenShot(ProfilePage.java:28)
	at com.qtpselenium.facebook.pom.pages.ProfilePage.takeScreenShot(ProfilePage.java:28)
	at com.qtpselenium.facebook.pom.pages.ProfilePage.takeScreenShot(ProfilePage.java:28)
	at com.qtpselenium.facebook.pom.pages.ProfilePage.takeScreenShot(ProfilePage.java:28)
	at com.qtpselenium.facebook.pom.pages.ProfilePage.takeScreenShot(ProfilePage.java:28)
	at com.qtpselenium.facebook.pom.pages.ProfilePage.takeScreenShot(ProfilePage.java:28)
	at com.qtpselenium.facebook.pom.pages.ProfilePage.takeScreenShot(ProfilePage.java:28)
	at com.qtpselenium.facebook.pom.pages.ProfilePage.takeScreenShot(ProfilePage.java:28)
	at com.qtpselenium.facebook.pom.pages.ProfilePage.takeScreenShot(ProfilePage.java:28)
	at com.qtpselenium.facebook.pom.pages.ProfilePage.takeScreenShot(ProfilePage.java:28)
	at com.qtpselenium.facebook.pom.pages.ProfilePage.takeScreenShot(ProfilePage.java:28)
	at com.qtpselenium.facebook.pom.pages.ProfilePage.takeScreenShot(ProfilePage.java:28)
	at com.qtpselenium.facebook.pom.pages.ProfilePage.takeScreenShot(ProfilePage.java:28)
	at com.qtpselenium.facebook.pom.pages.ProfilePage.takeScreenShot(ProfilePage.java:28)
	at com.qtpselenium.facebook.pom.pages.ProfilePage.takeScreenShot(ProfilePage.java:28)
	at com.qtpselenium.facebook.pom.pages.ProfilePage.takeScreenShot(ProfilePage.java:28)
	at com.qtpselenium.facebook.pom.pages.ProfilePage.takeScreenShot(ProfilePage.java:28)
	at com.qtpselenium.facebook.pom.pages.ProfilePage.takeScreenShot(ProfilePage.java:28)
	at com.qtpselenium.facebook.pom.pages.ProfilePage.takeScreenShot(ProfilePage.java:28)
	at com.qtpselenium.facebook.pom.pages.ProfilePage.takeScreenShot(ProfilePage.java:28)
	at com.qtpselenium.facebook.pom.pages.ProfilePage.takeScreenShot(ProfilePage.java:28)
	at com.qtpselenium.facebook.pom.pages.ProfilePage.takeScreenShot(ProfilePage.java:28)
	at com.qtpselenium.facebook.pom.pages.ProfilePage.takeScreenShot(ProfilePage.java:28)
	at com.qtpselenium.facebook.pom.pages.ProfilePage.takeScreenShot(ProfilePage.java:28)
	at com.qtpselenium.facebook.pom.pages.ProfilePage.takeScreenShot(ProfilePage.java:28)
	at com.qtpselenium.facebook.pom.pages.ProfilePage.takeScreenShot(ProfilePage.java:28)
	at com.qtpselenium.facebook.pom.pages.ProfilePage.takeScreenShot(ProfilePage.java:28)
	at com.qtpselenium.facebook.pom.pages.ProfilePage.takeScreenShot(ProfilePage.java:28)
	at com.qtpselenium.facebook.pom.pages.ProfilePage.takeScreenShot(ProfilePage.java:28)
	at com.qtpselenium.facebook.pom.pages.ProfilePage.takeScreenShot(ProfilePage.java:28)
	at com.qtpselenium.facebook.pom.pages.ProfilePage.takeScreenShot(ProfilePage.java:28)
	at com.qtpselenium.facebook.pom.pages.ProfilePage.takeScreenShot(ProfilePage.java:28)
	at com.qtpselenium.facebook.pom.pages.ProfilePage.takeScreenShot(ProfilePage.java:28)
	at com.qtpselenium.facebook.pom.pages.ProfilePage.takeScreenShot(ProfilePage.java:28)
	at com.qtpselenium.facebook.pom.pages.ProfilePage.takeScreenShot(ProfilePage.java:28)
	at com.qtpselenium.facebook.pom.pages.ProfilePage.takeScreenShot(ProfilePage.java:28)
]]>
    </error>
  </testcase> <!-- testProfile -->
</testsuite> <!-- com.qtpselenium.facebook.pom.testCases.ProfileTest -->
