<?xml version="1.0" encoding="UTF-8"?>
<!-- Generated by org.testng.reporters.JUnitReportReporter -->
<testsuite skipped="0" hostname="Yaroslavs-MacBook-Air.local" name="com.qtpselenium.facebook.pom.testCases.LoginTest" tests="1" failures="0" timestamp="13 Feb 2018 21:34:57 GMT" time="10.982" errors="0">
  <testcase name="doLogin" time="10.982" classname="com.qtpselenium.facebook.pom.testCases.LoginTest"/>
</testsuite> <!-- com.qtpselenium.facebook.pom.testCases.LoginTest -->
